2015-01-29 00:36:42,927 [Worker-6] INFO  o.e.m.c.i.i.nexus.NexusIndexManager - Updating index for repository: central|http://repo1.maven.org/maven2
2015-01-29 00:36:44,339 [Worker-6] ERROR o.e.m.c.i.i.nexus.NexusIndexManager - Unable to update index for central|http://repo1.maven.org/maven2
java.io.IOException: Server returned status code 403: Forbidden
	at org.eclipse.m2e.core.internal.index.nexus.AsyncFetcher$PipedErrorInputStream.checkError(AsyncFetcher.java:253) ~[org.eclipse.m2e.core_1.0.0.me201110301321.jar:na]
	at org.eclipse.m2e.core.internal.index.nexus.AsyncFetcher$PipedErrorInputStream.read(AsyncFetcher.java:261) ~[org.eclipse.m2e.core_1.0.0.me201110301321.jar:na]
	at java.io.PipedInputStream.read(PipedInputStream.java:361) ~[na:1.6.0_13]
	at java.io.InputStream.read(InputStream.java:85) ~[na:1.6.0_13]
	at java.util.Properties$LineReader.readLine(Properties.java:418) ~[na:1.6.0_13]
	at java.util.Properties.load0(Properties.java:337) ~[na:1.6.0_13]
	at java.util.Properties.load(Properties.java:325) ~[na:1.6.0_13]
	at org.apache.maven.index.updater.DefaultIndexUpdater.downloadIndexProperties(DefaultIndexUpdater.java:457) ~[indexer-core-3.1.0.jar:3.1.0]
	at org.apache.maven.index.updater.DefaultIndexUpdater.access$100(DefaultIndexUpdater.java:75) ~[indexer-core-3.1.0.jar:3.1.0]
	at org.apache.maven.index.updater.DefaultIndexUpdater$IndexAdaptor.setProperties(DefaultIndexUpdater.java:607) ~[indexer-core-3.1.0.jar:3.1.0]
	at org.apache.maven.index.updater.DefaultIndexUpdater.fetchAndUpdateIndex(DefaultIndexUpdater.java:788) ~[indexer-core-3.1.0.jar:3.1.0]
	at org.apache.maven.index.updater.DefaultIndexUpdater.fetchAndUpdateIndex(DefaultIndexUpdater.java:135) ~[indexer-core-3.1.0.jar:3.1.0]
	at org.eclipse.m2e.core.internal.index.nexus.NexusIndexManager.updateRemoteIndex(NexusIndexManager.java:1126) [org.eclipse.m2e.core_1.0.0.me201110301321.jar:na]
	at org.eclipse.m2e.core.internal.index.nexus.NexusIndexManager.updateIndex(NexusIndexManager.java:1083) [org.eclipse.m2e.core_1.0.0.me201110301321.jar:na]
	at org.eclipse.m2e.core.internal.index.nexus.NexusIndexManager$1.run(NexusIndexManager.java:660) [org.eclipse.m2e.core_1.0.0.me201110301321.jar:na]
	at org.eclipse.m2e.core.internal.index.nexus.IndexUpdaterJob.run(IndexUpdaterJob.java:71) [org.eclipse.m2e.core_1.0.0.me201110301321.jar:na]
	at org.eclipse.core.internal.jobs.Worker.run(Worker.java:54) [org.eclipse.core.jobs_3.5.100.v20110404.jar:na]
java.io.IOException: Server returned status code 403: Forbidden
	at org.eclipse.m2e.core.internal.index.nexus.AsyncFetcher$MonitorListener.onStatus(AsyncFetcher.java:283) ~[na:na]
	at com.ning.http.client.SimpleAsyncHttpClient$BodyConsumerAsyncHandler.fireStatus(SimpleAsyncHttpClient.java:828) ~[na:na]
	at com.ning.http.client.SimpleAsyncHttpClient$BodyConsumerAsyncHandler.onStatusReceived(SimpleAsyncHttpClient.java:779) ~[na:na]
	at com.ning.http.client.providers.netty.NettyAsyncHttpProvider.updateStatusAndInterrupt(NettyAsyncHttpProvider.java:1439) ~[na:na]
	at com.ning.http.client.providers.netty.NettyAsyncHttpProvider.messageReceived(NettyAsyncHttpProvider.java:1170) ~[na:na]
	at org.jboss.netty.channel.SimpleChannelUpstreamHandler.handleUpstream(SimpleChannelUpstreamHandler.java:80) ~[na:na]
	at org.jboss.netty.channel.DefaultChannelPipeline.sendUpstream(DefaultChannelPipeline.java:545) ~[na:na]
	at org.jboss.netty.channel.DefaultChannelPipeline$DefaultChannelHandlerContext.sendUpstream(DefaultChannelPipeline.java:754) ~[na:na]
	at org.jboss.netty.handler.stream.ChunkedWriteHandler.handleUpstream(ChunkedWriteHandler.java:148) ~[na:na]
	at org.jboss.netty.channel.DefaultChannelPipeline.sendUpstream(DefaultChannelPipeline.java:545) ~[na:na]
	at org.jboss.netty.channel.DefaultChannelPipeline$DefaultChannelHandlerContext.sendUpstream(DefaultChannelPipeline.java:754) ~[na:na]
	at org.jboss.netty.handler.codec.http.HttpContentDecoder.messageReceived(HttpContentDecoder.java:104) ~[na:na]
	at org.jboss.netty.channel.SimpleChannelUpstreamHandler.handleUpstream(SimpleChannelUpstreamHandler.java:80) ~[na:na]
	at org.jboss.netty.channel.DefaultChannelPipeline.sendUpstream(DefaultChannelPipeline.java:545) ~[na:na]
	at org.jboss.netty.channel.DefaultChannelPipeline$DefaultChannelHandlerContext.sendUpstream(DefaultChannelPipeline.java:754) ~[na:na]
	at org.jboss.netty.channel.Channels.fireMessageReceived(Channels.java:302) ~[na:na]
	at org.jboss.netty.handler.codec.replay.ReplayingDecoder.unfoldAndfireMessageReceived(ReplayingDecoder.java:522) ~[na:na]
	at org.jboss.netty.handler.codec.replay.ReplayingDecoder.callDecode(ReplayingDecoder.java:506) ~[na:na]
	at org.jboss.netty.handler.codec.replay.ReplayingDecoder.messageReceived(ReplayingDecoder.java:443) ~[na:na]
	at org.jboss.netty.channel.SimpleChannelUpstreamHandler.handleUpstream(SimpleChannelUpstreamHandler.java:80) ~[na:na]
	at org.jboss.netty.handler.codec.http.HttpClientCodec.handleUpstream(HttpClientCodec.java:77) ~[na:na]
	at org.jboss.netty.channel.DefaultChannelPipeline.sendUpstream(DefaultChannelPipeline.java:545) ~[na:na]
	at org.jboss.netty.channel.DefaultChannelPipeline.sendUpstream(DefaultChannelPipeline.java:540) ~[na:na]
	at org.jboss.netty.channel.Channels.fireMessageReceived(Channels.java:274) ~[na:na]
	at org.jboss.netty.channel.Channels.fireMessageReceived(Channels.java:261) ~[na:na]
	at org.jboss.netty.channel.socket.nio.NioWorker.read(NioWorker.java:349) ~[na:na]
	at org.jboss.netty.channel.socket.nio.NioWorker.processSelectedKeys(NioWorker.java:280) ~[na:na]
	at org.jboss.netty.channel.socket.nio.NioWorker.run(NioWorker.java:200) ~[na:na]
	at org.jboss.netty.util.ThreadRenamingRunnable.run(ThreadRenamingRunnable.java:108) ~[na:na]
	at org.jboss.netty.util.internal.DeadLockProofWorker$1.run(DeadLockProofWorker.java:44) ~[na:na]
	at java.util.concurrent.ThreadPoolExecutor$Worker.runTask(ThreadPoolExecutor.java:886) ~[na:1.6.0_13]
	at java.util.concurrent.ThreadPoolExecutor$Worker.run(ThreadPoolExecutor.java:908) ~[na:1.6.0_13]
	at java.lang.Thread.run(Thread.java:619) ~[na:1.6.0_13]
2015-01-29 00:51:13,292 [Worker-7] INFO  o.e.m.c.i.i.nexus.NexusIndexManager - Updating index for repository: central|http://repo1.maven.org/maven2
2015-01-29 00:51:15,088 [Worker-7] ERROR o.e.m.c.i.i.nexus.NexusIndexManager - Unable to update index for central|http://repo1.maven.org/maven2
java.io.IOException: Server returned status code 403: Forbidden
	at org.eclipse.m2e.core.internal.index.nexus.AsyncFetcher$PipedErrorInputStream.checkError(AsyncFetcher.java:253) ~[org.eclipse.m2e.core_1.0.0.me201110301321.jar:na]
	at org.eclipse.m2e.core.internal.index.nexus.AsyncFetcher$PipedErrorInputStream.read(AsyncFetcher.java:261) ~[org.eclipse.m2e.core_1.0.0.me201110301321.jar:na]
	at java.io.PipedInputStream.read(PipedInputStream.java:361) ~[na:1.6.0_13]
	at java.io.InputStream.read(InputStream.java:85) ~[na:1.6.0_13]
	at java.util.Properties$LineReader.readLine(Properties.java:418) ~[na:1.6.0_13]
	at java.util.Properties.load0(Properties.java:337) ~[na:1.6.0_13]
	at java.util.Properties.load(Properties.java:325) ~[na:1.6.0_13]
	at org.apache.maven.index.updater.DefaultIndexUpdater.downloadIndexProperties(DefaultIndexUpdater.java:457) ~[indexer-core-3.1.0.jar:3.1.0]
	at org.apache.maven.index.updater.DefaultIndexUpdater.access$100(DefaultIndexUpdater.java:75) ~[indexer-core-3.1.0.jar:3.1.0]
	at org.apache.maven.index.updater.DefaultIndexUpdater$IndexAdaptor.setProperties(DefaultIndexUpdater.java:607) ~[indexer-core-3.1.0.jar:3.1.0]
	at org.apache.maven.index.updater.DefaultIndexUpdater.fetchAndUpdateIndex(DefaultIndexUpdater.java:788) ~[indexer-core-3.1.0.jar:3.1.0]
	at org.apache.maven.index.updater.DefaultIndexUpdater.fetchAndUpdateIndex(DefaultIndexUpdater.java:135) ~[indexer-core-3.1.0.jar:3.1.0]
	at org.eclipse.m2e.core.internal.index.nexus.NexusIndexManager.updateRemoteIndex(NexusIndexManager.java:1126) [org.eclipse.m2e.core_1.0.0.me201110301321.jar:na]
	at org.eclipse.m2e.core.internal.index.nexus.NexusIndexManager.updateIndex(NexusIndexManager.java:1083) [org.eclipse.m2e.core_1.0.0.me201110301321.jar:na]
	at org.eclipse.m2e.core.internal.index.nexus.NexusIndexManager$1.run(NexusIndexManager.java:660) [org.eclipse.m2e.core_1.0.0.me201110301321.jar:na]
	at org.eclipse.m2e.core.internal.index.nexus.IndexUpdaterJob.run(IndexUpdaterJob.java:71) [org.eclipse.m2e.core_1.0.0.me201110301321.jar:na]
	at org.eclipse.core.internal.jobs.Worker.run(Worker.java:54) [org.eclipse.core.jobs_3.5.100.v20110404.jar:na]
java.io.IOException: Server returned status code 403: Forbidden
	at org.eclipse.m2e.core.internal.index.nexus.AsyncFetcher$MonitorListener.onStatus(AsyncFetcher.java:283) ~[na:na]
	at com.ning.http.client.SimpleAsyncHttpClient$BodyConsumerAsyncHandler.fireStatus(SimpleAsyncHttpClient.java:828) ~[na:na]
	at com.ning.http.client.SimpleAsyncHttpClient$BodyConsumerAsyncHandler.onStatusReceived(SimpleAsyncHttpClient.java:779) ~[na:na]
	at com.ning.http.client.providers.netty.NettyAsyncHttpProvider.updateStatusAndInterrupt(NettyAsyncHttpProvider.java:1439) ~[na:na]
	at com.ning.http.client.providers.netty.NettyAsyncHttpProvider.messageReceived(NettyAsyncHttpProvider.java:1170) ~[na:na]
	at org.jboss.netty.channel.SimpleChannelUpstreamHandler.handleUpstream(SimpleChannelUpstreamHandler.java:80) ~[na:na]
	at org.jboss.netty.channel.DefaultChannelPipeline.sendUpstream(DefaultChannelPipeline.java:545) ~[na:na]
	at org.jboss.netty.channel.DefaultChannelPipeline$DefaultChannelHandlerContext.sendUpstream(DefaultChannelPipeline.java:754) ~[na:na]
	at org.jboss.netty.handler.stream.ChunkedWriteHandler.handleUpstream(ChunkedWriteHandler.java:148) ~[na:na]
	at org.jboss.netty.channel.DefaultChannelPipeline.sendUpstream(DefaultChannelPipeline.java:545) ~[na:na]
	at org.jboss.netty.channel.DefaultChannelPipeline$DefaultChannelHandlerContext.sendUpstream(DefaultChannelPipeline.java:754) ~[na:na]
	at org.jboss.netty.handler.codec.http.HttpContentDecoder.messageReceived(HttpContentDecoder.java:104) ~[na:na]
	at org.jboss.netty.channel.SimpleChannelUpstreamHandler.handleUpstream(SimpleChannelUpstreamHandler.java:80) ~[na:na]
	at org.jboss.netty.channel.DefaultChannelPipeline.sendUpstream(DefaultChannelPipeline.java:545) ~[na:na]
	at org.jboss.netty.channel.DefaultChannelPipeline$DefaultChannelHandlerContext.sendUpstream(DefaultChannelPipeline.java:754) ~[na:na]
	at org.jboss.netty.channel.Channels.fireMessageReceived(Channels.java:302) ~[na:na]
	at org.jboss.netty.handler.codec.replay.ReplayingDecoder.unfoldAndfireMessageReceived(ReplayingDecoder.java:522) ~[na:na]
	at org.jboss.netty.handler.codec.replay.ReplayingDecoder.callDecode(ReplayingDecoder.java:506) ~[na:na]
	at org.jboss.netty.handler.codec.replay.ReplayingDecoder.messageReceived(ReplayingDecoder.java:443) ~[na:na]
	at org.jboss.netty.channel.SimpleChannelUpstreamHandler.handleUpstream(SimpleChannelUpstreamHandler.java:80) ~[na:na]
	at org.jboss.netty.handler.codec.http.HttpClientCodec.handleUpstream(HttpClientCodec.java:77) ~[na:na]
	at org.jboss.netty.channel.DefaultChannelPipeline.sendUpstream(DefaultChannelPipeline.java:545) ~[na:na]
	at org.jboss.netty.channel.DefaultChannelPipeline.sendUpstream(DefaultChannelPipeline.java:540) ~[na:na]
	at org.jboss.netty.channel.Channels.fireMessageReceived(Channels.java:274) ~[na:na]
	at org.jboss.netty.channel.Channels.fireMessageReceived(Channels.java:261) ~[na:na]
	at org.jboss.netty.channel.socket.nio.NioWorker.read(NioWorker.java:349) ~[na:na]
	at org.jboss.netty.channel.socket.nio.NioWorker.processSelectedKeys(NioWorker.java:280) ~[na:na]
	at org.jboss.netty.channel.socket.nio.NioWorker.run(NioWorker.java:200) ~[na:na]
	at org.jboss.netty.util.ThreadRenamingRunnable.run(ThreadRenamingRunnable.java:108) ~[na:na]
	at org.jboss.netty.util.internal.DeadLockProofWorker$1.run(DeadLockProofWorker.java:44) ~[na:na]
	at java.util.concurrent.ThreadPoolExecutor$Worker.runTask(ThreadPoolExecutor.java:886) ~[na:1.6.0_13]
	at java.util.concurrent.ThreadPoolExecutor$Worker.run(ThreadPoolExecutor.java:908) ~[na:1.6.0_13]
	at java.lang.Thread.run(Thread.java:619) ~[na:1.6.0_13]
2015-01-29 01:18:30,399 [Worker-10] INFO  o.e.m.c.i.i.nexus.NexusIndexManager - Updating index for repository: central|http://repo1.maven.org/maven2
2015-01-29 01:18:31,081 [Worker-10] ERROR o.e.m.c.i.i.nexus.NexusIndexManager - Unable to update index for central|http://repo1.maven.org/maven2: C:\Users\ZGH\.m2\repository\.cache\m2e\1.0.0\d9d714e11cb097b3ffcec91cccc65d3e\nexus-maven-repository-index.zip (系统找不到指定的文件。)
java.io.FileNotFoundException: C:\Users\ZGH\.m2\repository\.cache\m2e\1.0.0\d9d714e11cb097b3ffcec91cccc65d3e\nexus-maven-repository-index.zip (系统找不到指定的文件。)
	at java.io.FileInputStream.open(Native Method) ~[na:1.6.0_13]
	at java.io.FileInputStream.<init>(FileInputStream.java:106) ~[na:1.6.0_13]
	at org.apache.maven.index.updater.DefaultIndexUpdater$FileFetcher.retrieve(DefaultIndexUpdater.java:568) ~[indexer-core-3.1.0.jar:3.1.0]
	at org.apache.maven.index.updater.DefaultIndexUpdater.loadIndexDirectory(DefaultIndexUpdater.java:206) ~[indexer-core-3.1.0.jar:3.1.0]
	at org.apache.maven.index.updater.DefaultIndexUpdater.access$300(DefaultIndexUpdater.java:75) ~[indexer-core-3.1.0.jar:3.1.0]
	at org.apache.maven.index.updater.DefaultIndexUpdater$LuceneIndexAdaptor.setIndexFile(DefaultIndexUpdater.java:645) ~[indexer-core-3.1.0.jar:3.1.0]
	at org.apache.maven.index.updater.DefaultIndexUpdater.fetchAndUpdateIndex(DefaultIndexUpdater.java:844) ~[indexer-core-3.1.0.jar:3.1.0]
	at org.apache.maven.index.updater.DefaultIndexUpdater.fetchAndUpdateIndex(DefaultIndexUpdater.java:156) ~[indexer-core-3.1.0.jar:3.1.0]
	at org.eclipse.m2e.core.internal.index.nexus.NexusIndexManager.updateRemoteIndex(NexusIndexManager.java:1139) [org.eclipse.m2e.core_1.0.0.me201110301321.jar:na]
	at org.eclipse.m2e.core.internal.index.nexus.NexusIndexManager.updateIndex(NexusIndexManager.java:1083) [org.eclipse.m2e.core_1.0.0.me201110301321.jar:na]
	at org.eclipse.m2e.core.internal.index.nexus.NexusIndexManager$1.run(NexusIndexManager.java:660) [org.eclipse.m2e.core_1.0.0.me201110301321.jar:na]
	at org.eclipse.m2e.core.internal.index.nexus.IndexUpdaterJob.run(IndexUpdaterJob.java:71) [org.eclipse.m2e.core_1.0.0.me201110301321.jar:na]
	at org.eclipse.core.internal.jobs.Worker.run(Worker.java:54) [org.eclipse.core.jobs_3.5.100.v20110404.jar:na]
2015-01-29 01:40:24,993 [Worker-5] INFO  o.e.m.c.i.i.nexus.NexusIndexManager - Updating index for repository: central|http://repo1.maven.org/maven2
2015-01-29 01:40:25,548 [Worker-5] ERROR o.e.m.c.i.i.nexus.NexusIndexManager - Unable to update index for central|http://repo1.maven.org/maven2: C:\Users\ZGH\.m2\repository\.cache\m2e\1.0.0\d9d714e11cb097b3ffcec91cccc65d3e\nexus-maven-repository-index.zip (系统找不到指定的文件。)
java.io.FileNotFoundException: C:\Users\ZGH\.m2\repository\.cache\m2e\1.0.0\d9d714e11cb097b3ffcec91cccc65d3e\nexus-maven-repository-index.zip (系统找不到指定的文件。)
	at java.io.FileInputStream.open(Native Method) ~[na:1.6.0_13]
	at java.io.FileInputStream.<init>(FileInputStream.java:106) ~[na:1.6.0_13]
	at org.apache.maven.index.updater.DefaultIndexUpdater$FileFetcher.retrieve(DefaultIndexUpdater.java:568) ~[indexer-core-3.1.0.jar:3.1.0]
	at org.apache.maven.index.updater.DefaultIndexUpdater.loadIndexDirectory(DefaultIndexUpdater.java:206) ~[indexer-core-3.1.0.jar:3.1.0]
	at org.apache.maven.index.updater.DefaultIndexUpdater.access$300(DefaultIndexUpdater.java:75) ~[indexer-core-3.1.0.jar:3.1.0]
	at org.apache.maven.index.updater.DefaultIndexUpdater$LuceneIndexAdaptor.setIndexFile(DefaultIndexUpdater.java:645) ~[indexer-core-3.1.0.jar:3.1.0]
	at org.apache.maven.index.updater.DefaultIndexUpdater.fetchAndUpdateIndex(DefaultIndexUpdater.java:844) ~[indexer-core-3.1.0.jar:3.1.0]
	at org.apache.maven.index.updater.DefaultIndexUpdater.fetchAndUpdateIndex(DefaultIndexUpdater.java:156) ~[indexer-core-3.1.0.jar:3.1.0]
	at org.eclipse.m2e.core.internal.index.nexus.NexusIndexManager.updateRemoteIndex(NexusIndexManager.java:1139) [org.eclipse.m2e.core_1.0.0.me201110301321.jar:na]
	at org.eclipse.m2e.core.internal.index.nexus.NexusIndexManager.updateIndex(NexusIndexManager.java:1083) [org.eclipse.m2e.core_1.0.0.me201110301321.jar:na]
	at org.eclipse.m2e.core.internal.index.nexus.NexusIndexManager$1.run(NexusIndexManager.java:660) [org.eclipse.m2e.core_1.0.0.me201110301321.jar:na]
	at org.eclipse.m2e.core.internal.index.nexus.IndexUpdaterJob.run(IndexUpdaterJob.java:71) [org.eclipse.m2e.core_1.0.0.me201110301321.jar:na]
	at org.eclipse.core.internal.jobs.Worker.run(Worker.java:54) [org.eclipse.core.jobs_3.5.100.v20110404.jar:na]
2015-01-29 01:53:24,011 [Worker-12] INFO  o.e.m.c.i.i.nexus.NexusIndexManager - Updating index for repository: central|http://repo1.maven.org/maven2
2015-01-29 01:53:24,634 [Worker-12] ERROR o.e.m.c.i.i.nexus.NexusIndexManager - Unable to update index for central|http://repo1.maven.org/maven2: C:\Users\ZGH\.m2\repository\.cache\m2e\1.0.0\d9d714e11cb097b3ffcec91cccc65d3e\nexus-maven-repository-index.zip (系统找不到指定的文件。)
java.io.FileNotFoundException: C:\Users\ZGH\.m2\repository\.cache\m2e\1.0.0\d9d714e11cb097b3ffcec91cccc65d3e\nexus-maven-repository-index.zip (系统找不到指定的文件。)
	at java.io.FileInputStream.open(Native Method) ~[na:1.6.0_13]
	at java.io.FileInputStream.<init>(FileInputStream.java:106) ~[na:1.6.0_13]
	at org.apache.maven.index.updater.DefaultIndexUpdater$FileFetcher.retrieve(DefaultIndexUpdater.java:568) ~[indexer-core-3.1.0.jar:3.1.0]
	at org.apache.maven.index.updater.DefaultIndexUpdater.loadIndexDirectory(DefaultIndexUpdater.java:206) ~[indexer-core-3.1.0.jar:3.1.0]
	at org.apache.maven.index.updater.DefaultIndexUpdater.access$300(DefaultIndexUpdater.java:75) ~[indexer-core-3.1.0.jar:3.1.0]
	at org.apache.maven.index.updater.DefaultIndexUpdater$LuceneIndexAdaptor.setIndexFile(DefaultIndexUpdater.java:645) ~[indexer-core-3.1.0.jar:3.1.0]
	at org.apache.maven.index.updater.DefaultIndexUpdater.fetchAndUpdateIndex(DefaultIndexUpdater.java:844) ~[indexer-core-3.1.0.jar:3.1.0]
	at org.apache.maven.index.updater.DefaultIndexUpdater.fetchAndUpdateIndex(DefaultIndexUpdater.java:156) ~[indexer-core-3.1.0.jar:3.1.0]
	at org.eclipse.m2e.core.internal.index.nexus.NexusIndexManager.updateRemoteIndex(NexusIndexManager.java:1139) [org.eclipse.m2e.core_1.0.0.me201110301321.jar:na]
	at org.eclipse.m2e.core.internal.index.nexus.NexusIndexManager.updateIndex(NexusIndexManager.java:1083) [org.eclipse.m2e.core_1.0.0.me201110301321.jar:na]
	at org.eclipse.m2e.core.internal.index.nexus.NexusIndexManager$1.run(NexusIndexManager.java:660) [org.eclipse.m2e.core_1.0.0.me201110301321.jar:na]
	at org.eclipse.m2e.core.internal.index.nexus.IndexUpdaterJob.run(IndexUpdaterJob.java:71) [org.eclipse.m2e.core_1.0.0.me201110301321.jar:na]
	at org.eclipse.core.internal.jobs.Worker.run(Worker.java:54) [org.eclipse.core.jobs_3.5.100.v20110404.jar:na]
2015-01-29 10:56:34,976 [Worker-0] INFO  o.e.m.c.i.i.nexus.NexusIndexManager - Updating index for repository: central|http://repo1.maven.org/maven2
2015-01-29 10:56:35,566 [Worker-0] ERROR o.e.m.c.i.i.nexus.NexusIndexManager - Unable to update index for central|http://repo1.maven.org/maven2: C:\Users\ZGH\.m2\repository\.cache\m2e\1.0.0\d9d714e11cb097b3ffcec91cccc65d3e\nexus-maven-repository-index.zip (系统找不到指定的文件。)
java.io.FileNotFoundException: C:\Users\ZGH\.m2\repository\.cache\m2e\1.0.0\d9d714e11cb097b3ffcec91cccc65d3e\nexus-maven-repository-index.zip (系统找不到指定的文件。)
	at java.io.FileInputStream.open(Native Method) ~[na:1.6.0_13]
	at java.io.FileInputStream.<init>(FileInputStream.java:106) ~[na:1.6.0_13]
	at org.apache.maven.index.updater.DefaultIndexUpdater$FileFetcher.retrieve(DefaultIndexUpdater.java:568) ~[indexer-core-3.1.0.jar:3.1.0]
	at org.apache.maven.index.updater.DefaultIndexUpdater.loadIndexDirectory(DefaultIndexUpdater.java:206) ~[indexer-core-3.1.0.jar:3.1.0]
	at org.apache.maven.index.updater.DefaultIndexUpdater.access$300(DefaultIndexUpdater.java:75) ~[indexer-core-3.1.0.jar:3.1.0]
	at org.apache.maven.index.updater.DefaultIndexUpdater$LuceneIndexAdaptor.setIndexFile(DefaultIndexUpdater.java:645) ~[indexer-core-3.1.0.jar:3.1.0]
	at org.apache.maven.index.updater.DefaultIndexUpdater.fetchAndUpdateIndex(DefaultIndexUpdater.java:844) ~[indexer-core-3.1.0.jar:3.1.0]
	at org.apache.maven.index.updater.DefaultIndexUpdater.fetchAndUpdateIndex(DefaultIndexUpdater.java:156) ~[indexer-core-3.1.0.jar:3.1.0]
	at org.eclipse.m2e.core.internal.index.nexus.NexusIndexManager.updateRemoteIndex(NexusIndexManager.java:1139) [org.eclipse.m2e.core_1.0.0.me201110301321.jar:na]
	at org.eclipse.m2e.core.internal.index.nexus.NexusIndexManager.updateIndex(NexusIndexManager.java:1083) [org.eclipse.m2e.core_1.0.0.me201110301321.jar:na]
	at org.eclipse.m2e.core.internal.index.nexus.NexusIndexManager$1.run(NexusIndexManager.java:660) [org.eclipse.m2e.core_1.0.0.me201110301321.jar:na]
	at org.eclipse.m2e.core.internal.index.nexus.IndexUpdaterJob.run(IndexUpdaterJob.java:71) [org.eclipse.m2e.core_1.0.0.me201110301321.jar:na]
	at org.eclipse.core.internal.jobs.Worker.run(Worker.java:54) [org.eclipse.core.jobs_3.5.100.v20110404.jar:na]
2015-01-29 11:31:45,657 [Worker-10] INFO  o.e.m.c.i.i.nexus.NexusIndexManager - Updating index for repository: central|http://repo1.maven.org/maven2
2015-01-29 11:31:46,180 [Worker-10] ERROR o.e.m.c.i.i.nexus.NexusIndexManager - Unable to update index for central|http://repo1.maven.org/maven2: C:\Users\ZGH\.m2\repository\.cache\m2e\1.0.0\d9d714e11cb097b3ffcec91cccc65d3e\nexus-maven-repository-index.zip (系统找不到指定的文件。)
java.io.FileNotFoundException: C:\Users\ZGH\.m2\repository\.cache\m2e\1.0.0\d9d714e11cb097b3ffcec91cccc65d3e\nexus-maven-repository-index.zip (系统找不到指定的文件。)
	at java.io.FileInputStream.open(Native Method) ~[na:1.6.0_13]
	at java.io.FileInputStream.<init>(FileInputStream.java:106) ~[na:1.6.0_13]
	at org.apache.maven.index.updater.DefaultIndexUpdater$FileFetcher.retrieve(DefaultIndexUpdater.java:568) ~[indexer-core-3.1.0.jar:3.1.0]
	at org.apache.maven.index.updater.DefaultIndexUpdater.loadIndexDirectory(DefaultIndexUpdater.java:206) ~[indexer-core-3.1.0.jar:3.1.0]
	at org.apache.maven.index.updater.DefaultIndexUpdater.access$300(DefaultIndexUpdater.java:75) ~[indexer-core-3.1.0.jar:3.1.0]
	at org.apache.maven.index.updater.DefaultIndexUpdater$LuceneIndexAdaptor.setIndexFile(DefaultIndexUpdater.java:645) ~[indexer-core-3.1.0.jar:3.1.0]
	at org.apache.maven.index.updater.DefaultIndexUpdater.fetchAndUpdateIndex(DefaultIndexUpdater.java:844) ~[indexer-core-3.1.0.jar:3.1.0]
	at org.apache.maven.index.updater.DefaultIndexUpdater.fetchAndUpdateIndex(DefaultIndexUpdater.java:156) ~[indexer-core-3.1.0.jar:3.1.0]
	at org.eclipse.m2e.core.internal.index.nexus.NexusIndexManager.updateRemoteIndex(NexusIndexManager.java:1139) [org.eclipse.m2e.core_1.0.0.me201110301321.jar:na]
	at org.eclipse.m2e.core.internal.index.nexus.NexusIndexManager.updateIndex(NexusIndexManager.java:1083) [org.eclipse.m2e.core_1.0.0.me201110301321.jar:na]
	at org.eclipse.m2e.core.internal.index.nexus.NexusIndexManager$1.run(NexusIndexManager.java:660) [org.eclipse.m2e.core_1.0.0.me201110301321.jar:na]
	at org.eclipse.m2e.core.internal.index.nexus.IndexUpdaterJob.run(IndexUpdaterJob.java:71) [org.eclipse.m2e.core_1.0.0.me201110301321.jar:na]
	at org.eclipse.core.internal.jobs.Worker.run(Worker.java:54) [org.eclipse.core.jobs_3.5.100.v20110404.jar:na]
2015-01-29 12:28:14,288 [Worker-11] INFO  o.e.m.c.i.i.nexus.NexusIndexManager - Updating index for repository: central|http://repo1.maven.org/maven2
2015-01-29 12:28:14,782 [Worker-11] ERROR o.e.m.c.i.i.nexus.NexusIndexManager - Unable to update index for central|http://repo1.maven.org/maven2: C:\Users\ZGH\.m2\repository\.cache\m2e\1.0.0\d9d714e11cb097b3ffcec91cccc65d3e\nexus-maven-repository-index.zip (系统找不到指定的文件。)
java.io.FileNotFoundException: C:\Users\ZGH\.m2\repository\.cache\m2e\1.0.0\d9d714e11cb097b3ffcec91cccc65d3e\nexus-maven-repository-index.zip (系统找不到指定的文件。)
	at java.io.FileInputStream.open(Native Method) ~[na:1.6.0_13]
	at java.io.FileInputStream.<init>(FileInputStream.java:106) ~[na:1.6.0_13]
	at org.apache.maven.index.updater.DefaultIndexUpdater$FileFetcher.retrieve(DefaultIndexUpdater.java:568) ~[indexer-core-3.1.0.jar:3.1.0]
	at org.apache.maven.index.updater.DefaultIndexUpdater.loadIndexDirectory(DefaultIndexUpdater.java:206) ~[indexer-core-3.1.0.jar:3.1.0]
	at org.apache.maven.index.updater.DefaultIndexUpdater.access$300(DefaultIndexUpdater.java:75) ~[indexer-core-3.1.0.jar:3.1.0]
	at org.apache.maven.index.updater.DefaultIndexUpdater$LuceneIndexAdaptor.setIndexFile(DefaultIndexUpdater.java:645) ~[indexer-core-3.1.0.jar:3.1.0]
	at org.apache.maven.index.updater.DefaultIndexUpdater.fetchAndUpdateIndex(DefaultIndexUpdater.java:844) ~[indexer-core-3.1.0.jar:3.1.0]
	at org.apache.maven.index.updater.DefaultIndexUpdater.fetchAndUpdateIndex(DefaultIndexUpdater.java:156) ~[indexer-core-3.1.0.jar:3.1.0]
	at org.eclipse.m2e.core.internal.index.nexus.NexusIndexManager.updateRemoteIndex(NexusIndexManager.java:1139) [org.eclipse.m2e.core_1.0.0.me201110301321.jar:na]
	at org.eclipse.m2e.core.internal.index.nexus.NexusIndexManager.updateIndex(NexusIndexManager.java:1083) [org.eclipse.m2e.core_1.0.0.me201110301321.jar:na]
	at org.eclipse.m2e.core.internal.index.nexus.NexusIndexManager$1.run(NexusIndexManager.java:660) [org.eclipse.m2e.core_1.0.0.me201110301321.jar:na]
	at org.eclipse.m2e.core.internal.index.nexus.IndexUpdaterJob.run(IndexUpdaterJob.java:71) [org.eclipse.m2e.core_1.0.0.me201110301321.jar:na]
	at org.eclipse.core.internal.jobs.Worker.run(Worker.java:54) [org.eclipse.core.jobs_3.5.100.v20110404.jar:na]
2015-01-29 12:33:29,868 [Worker-9] INFO  o.e.m.c.i.i.nexus.NexusIndexManager - Updating index for repository: central|http://repo1.maven.org/maven2
2015-01-29 12:33:30,331 [Worker-9] ERROR o.e.m.c.i.i.nexus.NexusIndexManager - Unable to update index for central|http://repo1.maven.org/maven2: C:\Users\ZGH\.m2\repository\.cache\m2e\1.0.0\d9d714e11cb097b3ffcec91cccc65d3e\nexus-maven-repository-index.zip (系统找不到指定的文件。)
java.io.FileNotFoundException: C:\Users\ZGH\.m2\repository\.cache\m2e\1.0.0\d9d714e11cb097b3ffcec91cccc65d3e\nexus-maven-repository-index.zip (系统找不到指定的文件。)
	at java.io.FileInputStream.open(Native Method) ~[na:1.6.0_13]
	at java.io.FileInputStream.<init>(FileInputStream.java:106) ~[na:1.6.0_13]
	at org.apache.maven.index.updater.DefaultIndexUpdater$FileFetcher.retrieve(DefaultIndexUpdater.java:568) ~[indexer-core-3.1.0.jar:3.1.0]
	at org.apache.maven.index.updater.DefaultIndexUpdater.loadIndexDirectory(DefaultIndexUpdater.java:206) ~[indexer-core-3.1.0.jar:3.1.0]
	at org.apache.maven.index.updater.DefaultIndexUpdater.access$300(DefaultIndexUpdater.java:75) ~[indexer-core-3.1.0.jar:3.1.0]
	at org.apache.maven.index.updater.DefaultIndexUpdater$LuceneIndexAdaptor.setIndexFile(DefaultIndexUpdater.java:645) ~[indexer-core-3.1.0.jar:3.1.0]
	at org.apache.maven.index.updater.DefaultIndexUpdater.fetchAndUpdateIndex(DefaultIndexUpdater.java:844) ~[indexer-core-3.1.0.jar:3.1.0]
	at org.apache.maven.index.updater.DefaultIndexUpdater.fetchAndUpdateIndex(DefaultIndexUpdater.java:156) ~[indexer-core-3.1.0.jar:3.1.0]
	at org.eclipse.m2e.core.internal.index.nexus.NexusIndexManager.updateRemoteIndex(NexusIndexManager.java:1139) [org.eclipse.m2e.core_1.0.0.me201110301321.jar:na]
	at org.eclipse.m2e.core.internal.index.nexus.NexusIndexManager.updateIndex(NexusIndexManager.java:1083) [org.eclipse.m2e.core_1.0.0.me201110301321.jar:na]
	at org.eclipse.m2e.core.internal.index.nexus.NexusIndexManager$1.run(NexusIndexManager.java:660) [org.eclipse.m2e.core_1.0.0.me201110301321.jar:na]
	at org.eclipse.m2e.core.internal.index.nexus.IndexUpdaterJob.run(IndexUpdaterJob.java:71) [org.eclipse.m2e.core_1.0.0.me201110301321.jar:na]
	at org.eclipse.core.internal.jobs.Worker.run(Worker.java:54) [org.eclipse.core.jobs_3.5.100.v20110404.jar:na]
2015-01-29 12:47:24,800 [Worker-12] INFO  o.e.m.c.i.i.nexus.NexusIndexManager - Updating index for repository: central|http://repo1.maven.org/maven2
2015-01-29 12:47:26,548 [Worker-12] ERROR o.e.m.c.i.i.nexus.NexusIndexManager - Unable to update index for central|http://repo1.maven.org/maven2: C:\Users\ZGH\.m2\repository\.cache\m2e\1.0.0\d9d714e11cb097b3ffcec91cccc65d3e\nexus-maven-repository-index.zip (系统找不到指定的文件。)
java.io.FileNotFoundException: C:\Users\ZGH\.m2\repository\.cache\m2e\1.0.0\d9d714e11cb097b3ffcec91cccc65d3e\nexus-maven-repository-index.zip (系统找不到指定的文件。)
	at java.io.FileInputStream.open(Native Method) ~[na:1.6.0_13]
	at java.io.FileInputStream.<init>(FileInputStream.java:106) ~[na:1.6.0_13]
	at org.apache.maven.index.updater.DefaultIndexUpdater$FileFetcher.retrieve(DefaultIndexUpdater.java:568) ~[indexer-core-3.1.0.jar:3.1.0]
	at org.apache.maven.index.updater.DefaultIndexUpdater.loadIndexDirectory(DefaultIndexUpdater.java:206) ~[indexer-core-3.1.0.jar:3.1.0]
	at org.apache.maven.index.updater.DefaultIndexUpdater.access$300(DefaultIndexUpdater.java:75) ~[indexer-core-3.1.0.jar:3.1.0]
	at org.apache.maven.index.updater.DefaultIndexUpdater$LuceneIndexAdaptor.setIndexFile(DefaultIndexUpdater.java:645) ~[indexer-core-3.1.0.jar:3.1.0]
	at org.apache.maven.index.updater.DefaultIndexUpdater.fetchAndUpdateIndex(DefaultIndexUpdater.java:844) ~[indexer-core-3.1.0.jar:3.1.0]
	at org.apache.maven.index.updater.DefaultIndexUpdater.fetchAndUpdateIndex(DefaultIndexUpdater.java:156) ~[indexer-core-3.1.0.jar:3.1.0]
	at org.eclipse.m2e.core.internal.index.nexus.NexusIndexManager.updateRemoteIndex(NexusIndexManager.java:1139) [org.eclipse.m2e.core_1.0.0.me201110301321.jar:na]
	at org.eclipse.m2e.core.internal.index.nexus.NexusIndexManager.updateIndex(NexusIndexManager.java:1083) [org.eclipse.m2e.core_1.0.0.me201110301321.jar:na]
	at org.eclipse.m2e.core.internal.index.nexus.NexusIndexManager$1.run(NexusIndexManager.java:660) [org.eclipse.m2e.core_1.0.0.me201110301321.jar:na]
	at org.eclipse.m2e.core.internal.index.nexus.IndexUpdaterJob.run(IndexUpdaterJob.java:71) [org.eclipse.m2e.core_1.0.0.me201110301321.jar:na]
	at org.eclipse.core.internal.jobs.Worker.run(Worker.java:54) [org.eclipse.core.jobs_3.5.100.v20110404.jar:na]
2015-01-29 14:55:48,469 [Worker-9] INFO  o.e.m.c.i.i.nexus.NexusIndexManager - Updating index for repository: central|http://repo1.maven.org/maven2
2015-01-29 14:55:54,268 [Worker-9] ERROR o.e.m.c.i.i.nexus.NexusIndexManager - Unable to update index for central|http://repo1.maven.org/maven2: C:\Users\ZGH\.m2\repository\.cache\m2e\1.0.0\d9d714e11cb097b3ffcec91cccc65d3e\nexus-maven-repository-index.zip (系统找不到指定的文件。)
java.io.FileNotFoundException: C:\Users\ZGH\.m2\repository\.cache\m2e\1.0.0\d9d714e11cb097b3ffcec91cccc65d3e\nexus-maven-repository-index.zip (系统找不到指定的文件。)
	at java.io.FileInputStream.open(Native Method) ~[na:1.6.0_13]
	at java.io.FileInputStream.<init>(FileInputStream.java:106) ~[na:1.6.0_13]
	at org.apache.maven.index.updater.DefaultIndexUpdater$FileFetcher.retrieve(DefaultIndexUpdater.java:568) ~[indexer-core-3.1.0.jar:3.1.0]
	at org.apache.maven.index.updater.DefaultIndexUpdater.loadIndexDirectory(DefaultIndexUpdater.java:206) ~[indexer-core-3.1.0.jar:3.1.0]
	at org.apache.maven.index.updater.DefaultIndexUpdater.access$300(DefaultIndexUpdater.java:75) ~[indexer-core-3.1.0.jar:3.1.0]
	at org.apache.maven.index.updater.DefaultIndexUpdater$LuceneIndexAdaptor.setIndexFile(DefaultIndexUpdater.java:645) ~[indexer-core-3.1.0.jar:3.1.0]
	at org.apache.maven.index.updater.DefaultIndexUpdater.fetchAndUpdateIndex(DefaultIndexUpdater.java:844) ~[indexer-core-3.1.0.jar:3.1.0]
	at org.apache.maven.index.updater.DefaultIndexUpdater.fetchAndUpdateIndex(DefaultIndexUpdater.java:156) ~[indexer-core-3.1.0.jar:3.1.0]
	at org.eclipse.m2e.core.internal.index.nexus.NexusIndexManager.updateRemoteIndex(NexusIndexManager.java:1139) [org.eclipse.m2e.core_1.0.0.me201110301321.jar:na]
	at org.eclipse.m2e.core.internal.index.nexus.NexusIndexManager.updateIndex(NexusIndexManager.java:1083) [org.eclipse.m2e.core_1.0.0.me201110301321.jar:na]
	at org.eclipse.m2e.core.internal.index.nexus.NexusIndexManager$1.run(NexusIndexManager.java:660) [org.eclipse.m2e.core_1.0.0.me201110301321.jar:na]
	at org.eclipse.m2e.core.internal.index.nexus.IndexUpdaterJob.run(IndexUpdaterJob.java:71) [org.eclipse.m2e.core_1.0.0.me201110301321.jar:na]
	at org.eclipse.core.internal.jobs.Worker.run(Worker.java:54) [org.eclipse.core.jobs_3.5.100.v20110404.jar:na]
2015-01-29 16:05:51,286 [Worker-17] INFO  o.e.m.c.i.i.nexus.NexusIndexManager - Updating index for repository: central|http://repo1.maven.org/maven2
2015-01-29 16:05:51,990 [Worker-17] ERROR o.e.m.c.i.i.nexus.NexusIndexManager - Unable to update index for central|http://repo1.maven.org/maven2: C:\Users\ZGH\.m2\repository\.cache\m2e\1.0.0\d9d714e11cb097b3ffcec91cccc65d3e\nexus-maven-repository-index.zip (系统找不到指定的文件。)
java.io.FileNotFoundException: C:\Users\ZGH\.m2\repository\.cache\m2e\1.0.0\d9d714e11cb097b3ffcec91cccc65d3e\nexus-maven-repository-index.zip (系统找不到指定的文件。)
	at java.io.FileInputStream.open(Native Method) ~[na:1.6.0_13]
	at java.io.FileInputStream.<init>(FileInputStream.java:106) ~[na:1.6.0_13]
	at org.apache.maven.index.updater.DefaultIndexUpdater$FileFetcher.retrieve(DefaultIndexUpdater.java:568) ~[indexer-core-3.1.0.jar:3.1.0]
	at org.apache.maven.index.updater.DefaultIndexUpdater.loadIndexDirectory(DefaultIndexUpdater.java:206) ~[indexer-core-3.1.0.jar:3.1.0]
	at org.apache.maven.index.updater.DefaultIndexUpdater.access$300(DefaultIndexUpdater.java:75) ~[indexer-core-3.1.0.jar:3.1.0]
	at org.apache.maven.index.updater.DefaultIndexUpdater$LuceneIndexAdaptor.setIndexFile(DefaultIndexUpdater.java:645) ~[indexer-core-3.1.0.jar:3.1.0]
	at org.apache.maven.index.updater.DefaultIndexUpdater.fetchAndUpdateIndex(DefaultIndexUpdater.java:844) ~[indexer-core-3.1.0.jar:3.1.0]
	at org.apache.maven.index.updater.DefaultIndexUpdater.fetchAndUpdateIndex(DefaultIndexUpdater.java:156) ~[indexer-core-3.1.0.jar:3.1.0]
	at org.eclipse.m2e.core.internal.index.nexus.NexusIndexManager.updateRemoteIndex(NexusIndexManager.java:1139) [org.eclipse.m2e.core_1.0.0.me201110301321.jar:na]
	at org.eclipse.m2e.core.internal.index.nexus.NexusIndexManager.updateIndex(NexusIndexManager.java:1083) [org.eclipse.m2e.core_1.0.0.me201110301321.jar:na]
	at org.eclipse.m2e.core.internal.index.nexus.NexusIndexManager$1.run(NexusIndexManager.java:660) [org.eclipse.m2e.core_1.0.0.me201110301321.jar:na]
	at org.eclipse.m2e.core.internal.index.nexus.IndexUpdaterJob.run(IndexUpdaterJob.java:71) [org.eclipse.m2e.core_1.0.0.me201110301321.jar:na]
	at org.eclipse.core.internal.jobs.Worker.run(Worker.java:54) [org.eclipse.core.jobs_3.5.100.v20110404.jar:na]
2015-01-30 15:54:54,783 [Worker-13] INFO  o.e.m.c.i.i.nexus.NexusIndexManager - Updating index for repository: central|http://repo1.maven.org/maven2
2015-01-30 15:54:56,499 [Worker-13] ERROR o.e.m.c.i.i.nexus.NexusIndexManager - Unable to update index for central|http://repo1.maven.org/maven2
java.io.IOException: Server returned status code 403: Forbidden
	at org.eclipse.m2e.core.internal.index.nexus.AsyncFetcher$PipedErrorInputStream.checkError(AsyncFetcher.java:253) ~[org.eclipse.m2e.core_1.0.0.me201110301321.jar:na]
	at org.eclipse.m2e.core.internal.index.nexus.AsyncFetcher$PipedErrorInputStream.read(AsyncFetcher.java:261) ~[org.eclipse.m2e.core_1.0.0.me201110301321.jar:na]
	at java.io.PipedInputStream.read(PipedInputStream.java:361) ~[na:1.6.0_13]
	at java.io.InputStream.read(InputStream.java:85) ~[na:1.6.0_13]
	at java.util.Properties$LineReader.readLine(Properties.java:418) ~[na:1.6.0_13]
	at java.util.Properties.load0(Properties.java:337) ~[na:1.6.0_13]
	at java.util.Properties.load(Properties.java:325) ~[na:1.6.0_13]
	at org.apache.maven.index.updater.DefaultIndexUpdater.downloadIndexProperties(DefaultIndexUpdater.java:457) ~[indexer-core-3.1.0.jar:3.1.0]
	at org.apache.maven.index.updater.DefaultIndexUpdater.access$100(DefaultIndexUpdater.java:75) ~[indexer-core-3.1.0.jar:3.1.0]
	at org.apache.maven.index.updater.DefaultIndexUpdater$IndexAdaptor.setProperties(DefaultIndexUpdater.java:607) ~[indexer-core-3.1.0.jar:3.1.0]
	at org.apache.maven.index.updater.DefaultIndexUpdater.fetchAndUpdateIndex(DefaultIndexUpdater.java:788) ~[indexer-core-3.1.0.jar:3.1.0]
	at org.apache.maven.index.updater.DefaultIndexUpdater.fetchAndUpdateIndex(DefaultIndexUpdater.java:135) ~[indexer-core-3.1.0.jar:3.1.0]
	at org.eclipse.m2e.core.internal.index.nexus.NexusIndexManager.updateRemoteIndex(NexusIndexManager.java:1126) [org.eclipse.m2e.core_1.0.0.me201110301321.jar:na]
	at org.eclipse.m2e.core.internal.index.nexus.NexusIndexManager.updateIndex(NexusIndexManager.java:1083) [org.eclipse.m2e.core_1.0.0.me201110301321.jar:na]
	at org.eclipse.m2e.core.internal.index.nexus.NexusIndexManager$1.run(NexusIndexManager.java:660) [org.eclipse.m2e.core_1.0.0.me201110301321.jar:na]
	at org.eclipse.m2e.core.internal.index.nexus.IndexUpdaterJob.run(IndexUpdaterJob.java:71) [org.eclipse.m2e.core_1.0.0.me201110301321.jar:na]
	at org.eclipse.core.internal.jobs.Worker.run(Worker.java:54) [org.eclipse.core.jobs_3.5.100.v20110404.jar:na]
java.io.IOException: Server returned status code 403: Forbidden
	at org.eclipse.m2e.core.internal.index.nexus.AsyncFetcher$MonitorListener.onStatus(AsyncFetcher.java:283) ~[na:na]
	at com.ning.http.client.SimpleAsyncHttpClient$BodyConsumerAsyncHandler.fireStatus(SimpleAsyncHttpClient.java:828) ~[na:na]
	at com.ning.http.client.SimpleAsyncHttpClient$BodyConsumerAsyncHandler.onStatusReceived(SimpleAsyncHttpClient.java:779) ~[na:na]
	at com.ning.http.client.providers.netty.NettyAsyncHttpProvider.updateStatusAndInterrupt(NettyAsyncHttpProvider.java:1439) ~[na:na]
	at com.ning.http.client.providers.netty.NettyAsyncHttpProvider.messageReceived(NettyAsyncHttpProvider.java:1170) ~[na:na]
	at org.jboss.netty.channel.SimpleChannelUpstreamHandler.handleUpstream(SimpleChannelUpstreamHandler.java:80) ~[na:na]
	at org.jboss.netty.channel.DefaultChannelPipeline.sendUpstream(DefaultChannelPipeline.java:545) ~[na:na]
	at org.jboss.netty.channel.DefaultChannelPipeline$DefaultChannelHandlerContext.sendUpstream(DefaultChannelPipeline.java:754) ~[na:na]
	at org.jboss.netty.handler.stream.ChunkedWriteHandler.handleUpstream(ChunkedWriteHandler.java:148) ~[na:na]
	at org.jboss.netty.channel.DefaultChannelPipeline.sendUpstream(DefaultChannelPipeline.java:545) ~[na:na]
	at org.jboss.netty.channel.DefaultChannelPipeline$DefaultChannelHandlerContext.sendUpstream(DefaultChannelPipeline.java:754) ~[na:na]
	at org.jboss.netty.handler.codec.http.HttpContentDecoder.messageReceived(HttpContentDecoder.java:104) ~[na:na]
	at org.jboss.netty.channel.SimpleChannelUpstreamHandler.handleUpstream(SimpleChannelUpstreamHandler.java:80) ~[na:na]
	at org.jboss.netty.channel.DefaultChannelPipeline.sendUpstream(DefaultChannelPipeline.java:545) ~[na:na]
	at org.jboss.netty.channel.DefaultChannelPipeline$DefaultChannelHandlerContext.sendUpstream(DefaultChannelPipeline.java:754) ~[na:na]
	at org.jboss.netty.channel.Channels.fireMessageReceived(Channels.java:302) ~[na:na]
	at org.jboss.netty.handler.codec.replay.ReplayingDecoder.unfoldAndfireMessageReceived(ReplayingDecoder.java:522) ~[na:na]
	at org.jboss.netty.handler.codec.replay.ReplayingDecoder.callDecode(ReplayingDecoder.java:506) ~[na:na]
	at org.jboss.netty.handler.codec.replay.ReplayingDecoder.messageReceived(ReplayingDecoder.java:443) ~[na:na]
	at org.jboss.netty.channel.SimpleChannelUpstreamHandler.handleUpstream(SimpleChannelUpstreamHandler.java:80) ~[na:na]
	at org.jboss.netty.handler.codec.http.HttpClientCodec.handleUpstream(HttpClientCodec.java:77) ~[na:na]
	at org.jboss.netty.channel.DefaultChannelPipeline.sendUpstream(DefaultChannelPipeline.java:545) ~[na:na]
	at org.jboss.netty.channel.DefaultChannelPipeline.sendUpstream(DefaultChannelPipeline.java:540) ~[na:na]
	at org.jboss.netty.channel.Channels.fireMessageReceived(Channels.java:274) ~[na:na]
	at org.jboss.netty.channel.Channels.fireMessageReceived(Channels.java:261) ~[na:na]
	at org.jboss.netty.channel.socket.nio.NioWorker.read(NioWorker.java:349) ~[na:na]
	at org.jboss.netty.channel.socket.nio.NioWorker.processSelectedKeys(NioWorker.java:280) ~[na:na]
	at org.jboss.netty.channel.socket.nio.NioWorker.run(NioWorker.java:200) ~[na:na]
	at org.jboss.netty.util.ThreadRenamingRunnable.run(ThreadRenamingRunnable.java:108) ~[na:na]
	at org.jboss.netty.util.internal.DeadLockProofWorker$1.run(DeadLockProofWorker.java:44) ~[na:na]
	at java.util.concurrent.ThreadPoolExecutor$Worker.runTask(ThreadPoolExecutor.java:886) ~[na:1.6.0_13]
	at java.util.concurrent.ThreadPoolExecutor$Worker.run(ThreadPoolExecutor.java:908) ~[na:1.6.0_13]
	at java.lang.Thread.run(Thread.java:619) ~[na:1.6.0_13]
2015-01-30 18:22:42,352 [Worker-11] INFO  o.e.m.c.i.i.nexus.NexusIndexManager - Updating index for repository: central|http://repo1.maven.org/maven2
2015-01-30 18:22:43,577 [Worker-11] ERROR o.e.m.c.i.i.nexus.NexusIndexManager - Unable to update index for central|http://repo1.maven.org/maven2
java.io.IOException: Server returned status code 403: Forbidden
	at org.eclipse.m2e.core.internal.index.nexus.AsyncFetcher$PipedErrorInputStream.checkError(AsyncFetcher.java:253) ~[org.eclipse.m2e.core_1.0.0.me201110301321.jar:na]
	at org.eclipse.m2e.core.internal.index.nexus.AsyncFetcher$PipedErrorInputStream.read(AsyncFetcher.java:261) ~[org.eclipse.m2e.core_1.0.0.me201110301321.jar:na]
	at java.io.PipedInputStream.read(PipedInputStream.java:361) ~[na:1.6.0_13]
	at java.io.InputStream.read(InputStream.java:85) ~[na:1.6.0_13]
	at java.util.Properties$LineReader.readLine(Properties.java:418) ~[na:1.6.0_13]
	at java.util.Properties.load0(Properties.java:337) ~[na:1.6.0_13]
	at java.util.Properties.load(Properties.java:325) ~[na:1.6.0_13]
	at org.apache.maven.index.updater.DefaultIndexUpdater.downloadIndexProperties(DefaultIndexUpdater.java:457) ~[indexer-core-3.1.0.jar:3.1.0]
	at org.apache.maven.index.updater.DefaultIndexUpdater.access$100(DefaultIndexUpdater.java:75) ~[indexer-core-3.1.0.jar:3.1.0]
	at org.apache.maven.index.updater.DefaultIndexUpdater$IndexAdaptor.setProperties(DefaultIndexUpdater.java:607) ~[indexer-core-3.1.0.jar:3.1.0]
	at org.apache.maven.index.updater.DefaultIndexUpdater.fetchAndUpdateIndex(DefaultIndexUpdater.java:788) ~[indexer-core-3.1.0.jar:3.1.0]
	at org.apache.maven.index.updater.DefaultIndexUpdater.fetchAndUpdateIndex(DefaultIndexUpdater.java:135) ~[indexer-core-3.1.0.jar:3.1.0]
	at org.eclipse.m2e.core.internal.index.nexus.NexusIndexManager.updateRemoteIndex(NexusIndexManager.java:1126) [org.eclipse.m2e.core_1.0.0.me201110301321.jar:na]
	at org.eclipse.m2e.core.internal.index.nexus.NexusIndexManager.updateIndex(NexusIndexManager.java:1083) [org.eclipse.m2e.core_1.0.0.me201110301321.jar:na]
	at org.eclipse.m2e.core.internal.index.nexus.NexusIndexManager$1.run(NexusIndexManager.java:660) [org.eclipse.m2e.core_1.0.0.me201110301321.jar:na]
	at org.eclipse.m2e.core.internal.index.nexus.IndexUpdaterJob.run(IndexUpdaterJob.java:71) [org.eclipse.m2e.core_1.0.0.me201110301321.jar:na]
	at org.eclipse.core.internal.jobs.Worker.run(Worker.java:54) [org.eclipse.core.jobs_3.5.100.v20110404.jar:na]
java.io.IOException: Server returned status code 403: Forbidden
	at org.eclipse.m2e.core.internal.index.nexus.AsyncFetcher$MonitorListener.onStatus(AsyncFetcher.java:283) ~[na:na]
	at com.ning.http.client.SimpleAsyncHttpClient$BodyConsumerAsyncHandler.fireStatus(SimpleAsyncHttpClient.java:828) ~[na:na]
	at com.ning.http.client.SimpleAsyncHttpClient$BodyConsumerAsyncHandler.onStatusReceived(SimpleAsyncHttpClient.java:779) ~[na:na]
	at com.ning.http.client.providers.netty.NettyAsyncHttpProvider.updateStatusAndInterrupt(NettyAsyncHttpProvider.java:1439) ~[na:na]
	at com.ning.http.client.providers.netty.NettyAsyncHttpProvider.messageReceived(NettyAsyncHttpProvider.java:1170) ~[na:na]
	at org.jboss.netty.channel.SimpleChannelUpstreamHandler.handleUpstream(SimpleChannelUpstreamHandler.java:80) ~[na:na]
	at org.jboss.netty.channel.DefaultChannelPipeline.sendUpstream(DefaultChannelPipeline.java:545) ~[na:na]
	at org.jboss.netty.channel.DefaultChannelPipeline$DefaultChannelHandlerContext.sendUpstream(DefaultChannelPipeline.java:754) ~[na:na]
	at org.jboss.netty.handler.stream.ChunkedWriteHandler.handleUpstream(ChunkedWriteHandler.java:148) ~[na:na]
	at org.jboss.netty.channel.DefaultChannelPipeline.sendUpstream(DefaultChannelPipeline.java:545) ~[na:na]
	at org.jboss.netty.channel.DefaultChannelPipeline$DefaultChannelHandlerContext.sendUpstream(DefaultChannelPipeline.java:754) ~[na:na]
	at org.jboss.netty.handler.codec.http.HttpContentDecoder.messageReceived(HttpContentDecoder.java:104) ~[na:na]
	at org.jboss.netty.channel.SimpleChannelUpstreamHandler.handleUpstream(SimpleChannelUpstreamHandler.java:80) ~[na:na]
	at org.jboss.netty.channel.DefaultChannelPipeline.sendUpstream(DefaultChannelPipeline.java:545) ~[na:na]
	at org.jboss.netty.channel.DefaultChannelPipeline$DefaultChannelHandlerContext.sendUpstream(DefaultChannelPipeline.java:754) ~[na:na]
	at org.jboss.netty.channel.Channels.fireMessageReceived(Channels.java:302) ~[na:na]
	at org.jboss.netty.handler.codec.replay.ReplayingDecoder.unfoldAndfireMessageReceived(ReplayingDecoder.java:522) ~[na:na]
	at org.jboss.netty.handler.codec.replay.ReplayingDecoder.callDecode(ReplayingDecoder.java:506) ~[na:na]
	at org.jboss.netty.handler.codec.replay.ReplayingDecoder.messageReceived(ReplayingDecoder.java:443) ~[na:na]
	at org.jboss.netty.channel.SimpleChannelUpstreamHandler.handleUpstream(SimpleChannelUpstreamHandler.java:80) ~[na:na]
	at org.jboss.netty.handler.codec.http.HttpClientCodec.handleUpstream(HttpClientCodec.java:77) ~[na:na]
	at org.jboss.netty.channel.DefaultChannelPipeline.sendUpstream(DefaultChannelPipeline.java:545) ~[na:na]
	at org.jboss.netty.channel.DefaultChannelPipeline.sendUpstream(DefaultChannelPipeline.java:540) ~[na:na]
	at org.jboss.netty.channel.Channels.fireMessageReceived(Channels.java:274) ~[na:na]
	at org.jboss.netty.channel.Channels.fireMessageReceived(Channels.java:261) ~[na:na]
	at org.jboss.netty.channel.socket.nio.NioWorker.read(NioWorker.java:349) ~[na:na]
	at org.jboss.netty.channel.socket.nio.NioWorker.processSelectedKeys(NioWorker.java:280) ~[na:na]
	at org.jboss.netty.channel.socket.nio.NioWorker.run(NioWorker.java:200) ~[na:na]
	at org.jboss.netty.util.ThreadRenamingRunnable.run(ThreadRenamingRunnable.java:108) ~[na:na]
	at org.jboss.netty.util.internal.DeadLockProofWorker$1.run(DeadLockProofWorker.java:44) ~[na:na]
	at java.util.concurrent.ThreadPoolExecutor$Worker.runTask(ThreadPoolExecutor.java:886) ~[na:1.6.0_13]
	at java.util.concurrent.ThreadPoolExecutor$Worker.run(ThreadPoolExecutor.java:908) ~[na:1.6.0_13]
	at java.lang.Thread.run(Thread.java:619) ~[na:1.6.0_13]
2015-01-30 18:28:56,380 [Worker-2] INFO  o.e.m.c.i.i.nexus.NexusIndexManager - Updating index for repository: central|http://repo1.maven.org/maven2
2015-01-30 18:28:58,213 [Worker-2] ERROR o.e.m.c.i.i.nexus.NexusIndexManager - Unable to update index for central|http://repo1.maven.org/maven2
java.io.IOException: Server returned status code 403: Forbidden
	at org.eclipse.m2e.core.internal.index.nexus.AsyncFetcher$PipedErrorInputStream.checkError(AsyncFetcher.java:253) ~[org.eclipse.m2e.core_1.0.0.me201110301321.jar:na]
	at org.eclipse.m2e.core.internal.index.nexus.AsyncFetcher$PipedErrorInputStream.read(AsyncFetcher.java:261) ~[org.eclipse.m2e.core_1.0.0.me201110301321.jar:na]
	at java.io.PipedInputStream.read(PipedInputStream.java:361) ~[na:1.6.0_13]
	at java.io.InputStream.read(InputStream.java:85) ~[na:1.6.0_13]
	at java.util.Properties$LineReader.readLine(Properties.java:418) ~[na:1.6.0_13]
	at java.util.Properties.load0(Properties.java:337) ~[na:1.6.0_13]
	at java.util.Properties.load(Properties.java:325) ~[na:1.6.0_13]
	at org.apache.maven.index.updater.DefaultIndexUpdater.downloadIndexProperties(DefaultIndexUpdater.java:457) ~[indexer-core-3.1.0.jar:3.1.0]
	at org.apache.maven.index.updater.DefaultIndexUpdater.access$100(DefaultIndexUpdater.java:75) ~[indexer-core-3.1.0.jar:3.1.0]
	at org.apache.maven.index.updater.DefaultIndexUpdater$IndexAdaptor.setProperties(DefaultIndexUpdater.java:607) ~[indexer-core-3.1.0.jar:3.1.0]
	at org.apache.maven.index.updater.DefaultIndexUpdater.fetchAndUpdateIndex(DefaultIndexUpdater.java:788) ~[indexer-core-3.1.0.jar:3.1.0]
	at org.apache.maven.index.updater.DefaultIndexUpdater.fetchAndUpdateIndex(DefaultIndexUpdater.java:135) ~[indexer-core-3.1.0.jar:3.1.0]
	at org.eclipse.m2e.core.internal.index.nexus.NexusIndexManager.updateRemoteIndex(NexusIndexManager.java:1126) [org.eclipse.m2e.core_1.0.0.me201110301321.jar:na]
	at org.eclipse.m2e.core.internal.index.nexus.NexusIndexManager.updateIndex(NexusIndexManager.java:1083) [org.eclipse.m2e.core_1.0.0.me201110301321.jar:na]
	at org.eclipse.m2e.core.internal.index.nexus.NexusIndexManager$1.run(NexusIndexManager.java:660) [org.eclipse.m2e.core_1.0.0.me201110301321.jar:na]
	at org.eclipse.m2e.core.internal.index.nexus.IndexUpdaterJob.run(IndexUpdaterJob.java:71) [org.eclipse.m2e.core_1.0.0.me201110301321.jar:na]
	at org.eclipse.core.internal.jobs.Worker.run(Worker.java:54) [org.eclipse.core.jobs_3.5.100.v20110404.jar:na]
java.io.IOException: Server returned status code 403: Forbidden
	at org.eclipse.m2e.core.internal.index.nexus.AsyncFetcher$MonitorListener.onStatus(AsyncFetcher.java:283) ~[na:na]
	at com.ning.http.client.SimpleAsyncHttpClient$BodyConsumerAsyncHandler.fireStatus(SimpleAsyncHttpClient.java:828) ~[na:na]
	at com.ning.http.client.SimpleAsyncHttpClient$BodyConsumerAsyncHandler.onStatusReceived(SimpleAsyncHttpClient.java:779) ~[na:na]
	at com.ning.http.client.providers.netty.NettyAsyncHttpProvider.updateStatusAndInterrupt(NettyAsyncHttpProvider.java:1439) ~[na:na]
	at com.ning.http.client.providers.netty.NettyAsyncHttpProvider.messageReceived(NettyAsyncHttpProvider.java:1170) ~[na:na]
	at org.jboss.netty.channel.SimpleChannelUpstreamHandler.handleUpstream(SimpleChannelUpstreamHandler.java:80) ~[na:na]
	at org.jboss.netty.channel.DefaultChannelPipeline.sendUpstream(DefaultChannelPipeline.java:545) ~[na:na]
	at org.jboss.netty.channel.DefaultChannelPipeline$DefaultChannelHandlerContext.sendUpstream(DefaultChannelPipeline.java:754) ~[na:na]
	at org.jboss.netty.handler.stream.ChunkedWriteHandler.handleUpstream(ChunkedWriteHandler.java:148) ~[na:na]
	at org.jboss.netty.channel.DefaultChannelPipeline.sendUpstream(DefaultChannelPipeline.java:545) ~[na:na]
	at org.jboss.netty.channel.DefaultChannelPipeline$DefaultChannelHandlerContext.sendUpstream(DefaultChannelPipeline.java:754) ~[na:na]
	at org.jboss.netty.handler.codec.http.HttpContentDecoder.messageReceived(HttpContentDecoder.java:104) ~[na:na]
	at org.jboss.netty.channel.SimpleChannelUpstreamHandler.handleUpstream(SimpleChannelUpstreamHandler.java:80) ~[na:na]
	at org.jboss.netty.channel.DefaultChannelPipeline.sendUpstream(DefaultChannelPipeline.java:545) ~[na:na]
	at org.jboss.netty.channel.DefaultChannelPipeline$DefaultChannelHandlerContext.sendUpstream(DefaultChannelPipeline.java:754) ~[na:na]
	at org.jboss.netty.channel.Channels.fireMessageReceived(Channels.java:302) ~[na:na]
	at org.jboss.netty.handler.codec.replay.ReplayingDecoder.unfoldAndfireMessageReceived(ReplayingDecoder.java:522) ~[na:na]
	at org.jboss.netty.handler.codec.replay.ReplayingDecoder.callDecode(ReplayingDecoder.java:506) ~[na:na]
	at org.jboss.netty.handler.codec.replay.ReplayingDecoder.messageReceived(ReplayingDecoder.java:443) ~[na:na]
	at org.jboss.netty.channel.SimpleChannelUpstreamHandler.handleUpstream(SimpleChannelUpstreamHandler.java:80) ~[na:na]
	at org.jboss.netty.handler.codec.http.HttpClientCodec.handleUpstream(HttpClientCodec.java:77) ~[na:na]
	at org.jboss.netty.channel.DefaultChannelPipeline.sendUpstream(DefaultChannelPipeline.java:545) ~[na:na]
	at org.jboss.netty.channel.DefaultChannelPipeline.sendUpstream(DefaultChannelPipeline.java:540) ~[na:na]
	at org.jboss.netty.channel.Channels.fireMessageReceived(Channels.java:274) ~[na:na]
	at org.jboss.netty.channel.Channels.fireMessageReceived(Channels.java:261) ~[na:na]
	at org.jboss.netty.channel.socket.nio.NioWorker.read(NioWorker.java:349) ~[na:na]
	at org.jboss.netty.channel.socket.nio.NioWorker.processSelectedKeys(NioWorker.java:280) ~[na:na]
	at org.jboss.netty.channel.socket.nio.NioWorker.run(NioWorker.java:200) ~[na:na]
	at org.jboss.netty.util.ThreadRenamingRunnable.run(ThreadRenamingRunnable.java:108) ~[na:na]
	at org.jboss.netty.util.internal.DeadLockProofWorker$1.run(DeadLockProofWorker.java:44) ~[na:na]
	at java.util.concurrent.ThreadPoolExecutor$Worker.runTask(ThreadPoolExecutor.java:886) ~[na:1.6.0_13]
	at java.util.concurrent.ThreadPoolExecutor$Worker.run(ThreadPoolExecutor.java:908) ~[na:1.6.0_13]
	at java.lang.Thread.run(Thread.java:619) ~[na:1.6.0_13]
2015-01-30 23:16:17,050 [Worker-1] INFO  o.e.m.c.i.i.nexus.NexusIndexManager - Updating index for repository: central|http://repo1.maven.org/maven2
2015-01-30 23:16:17,753 [Worker-1] ERROR o.e.m.c.i.i.nexus.NexusIndexManager - Unable to update index for central|http://repo1.maven.org/maven2
java.io.IOException: Server returned status code 403: Forbidden
	at org.eclipse.m2e.core.internal.index.nexus.AsyncFetcher$PipedErrorInputStream.checkError(AsyncFetcher.java:253) ~[org.eclipse.m2e.core_1.0.0.me201110301321.jar:na]
	at org.eclipse.m2e.core.internal.index.nexus.AsyncFetcher$PipedErrorInputStream.read(AsyncFetcher.java:261) ~[org.eclipse.m2e.core_1.0.0.me201110301321.jar:na]
	at java.io.PipedInputStream.read(PipedInputStream.java:361) ~[na:1.6.0_13]
	at java.io.InputStream.read(InputStream.java:85) ~[na:1.6.0_13]
	at java.util.Properties$LineReader.readLine(Properties.java:418) ~[na:1.6.0_13]
	at java.util.Properties.load0(Properties.java:337) ~[na:1.6.0_13]
	at java.util.Properties.load(Properties.java:325) ~[na:1.6.0_13]
	at org.apache.maven.index.updater.DefaultIndexUpdater.downloadIndexProperties(DefaultIndexUpdater.java:457) ~[indexer-core-3.1.0.jar:3.1.0]
	at org.apache.maven.index.updater.DefaultIndexUpdater.access$100(DefaultIndexUpdater.java:75) ~[indexer-core-3.1.0.jar:3.1.0]
	at org.apache.maven.index.updater.DefaultIndexUpdater$IndexAdaptor.setProperties(DefaultIndexUpdater.java:607) ~[indexer-core-3.1.0.jar:3.1.0]
	at org.apache.maven.index.updater.DefaultIndexUpdater.fetchAndUpdateIndex(DefaultIndexUpdater.java:788) ~[indexer-core-3.1.0.jar:3.1.0]
	at org.apache.maven.index.updater.DefaultIndexUpdater.fetchAndUpdateIndex(DefaultIndexUpdater.java:135) ~[indexer-core-3.1.0.jar:3.1.0]
	at org.eclipse.m2e.core.internal.index.nexus.NexusIndexManager.updateRemoteIndex(NexusIndexManager.java:1126) [org.eclipse.m2e.core_1.0.0.me201110301321.jar:na]
	at org.eclipse.m2e.core.internal.index.nexus.NexusIndexManager.updateIndex(NexusIndexManager.java:1083) [org.eclipse.m2e.core_1.0.0.me201110301321.jar:na]
	at org.eclipse.m2e.core.internal.index.nexus.NexusIndexManager$1.run(NexusIndexManager.java:660) [org.eclipse.m2e.core_1.0.0.me201110301321.jar:na]
	at org.eclipse.m2e.core.internal.index.nexus.IndexUpdaterJob.run(IndexUpdaterJob.java:71) [org.eclipse.m2e.core_1.0.0.me201110301321.jar:na]
	at org.eclipse.core.internal.jobs.Worker.run(Worker.java:54) [org.eclipse.core.jobs_3.5.100.v20110404.jar:na]
java.io.IOException: Server returned status code 403: Forbidden
	at org.eclipse.m2e.core.internal.index.nexus.AsyncFetcher$MonitorListener.onStatus(AsyncFetcher.java:283) ~[na:na]
	at com.ning.http.client.SimpleAsyncHttpClient$BodyConsumerAsyncHandler.fireStatus(SimpleAsyncHttpClient.java:828) ~[na:na]
	at com.ning.http.client.SimpleAsyncHttpClient$BodyConsumerAsyncHandler.onStatusReceived(SimpleAsyncHttpClient.java:779) ~[na:na]
	at com.ning.http.client.providers.netty.NettyAsyncHttpProvider.updateStatusAndInterrupt(NettyAsyncHttpProvider.java:1439) ~[na:na]
	at com.ning.http.client.providers.netty.NettyAsyncHttpProvider.messageReceived(NettyAsyncHttpProvider.java:1170) ~[na:na]
	at org.jboss.netty.channel.SimpleChannelUpstreamHandler.handleUpstream(SimpleChannelUpstreamHandler.java:80) ~[na:na]
	at org.jboss.netty.channel.DefaultChannelPipeline.sendUpstream(DefaultChannelPipeline.java:545) ~[na:na]
	at org.jboss.netty.channel.DefaultChannelPipeline$DefaultChannelHandlerContext.sendUpstream(DefaultChannelPipeline.java:754) ~[na:na]
	at org.jboss.netty.handler.stream.ChunkedWriteHandler.handleUpstream(ChunkedWriteHandler.java:148) ~[na:na]
	at org.jboss.netty.channel.DefaultChannelPipeline.sendUpstream(DefaultChannelPipeline.java:545) ~[na:na]
	at org.jboss.netty.channel.DefaultChannelPipeline$DefaultChannelHandlerContext.sendUpstream(DefaultChannelPipeline.java:754) ~[na:na]
	at org.jboss.netty.handler.codec.http.HttpContentDecoder.messageReceived(HttpContentDecoder.java:104) ~[na:na]
	at org.jboss.netty.channel.SimpleChannelUpstreamHandler.handleUpstream(SimpleChannelUpstreamHandler.java:80) ~[na:na]
	at org.jboss.netty.channel.DefaultChannelPipeline.sendUpstream(DefaultChannelPipeline.java:545) ~[na:na]
	at org.jboss.netty.channel.DefaultChannelPipeline$DefaultChannelHandlerContext.sendUpstream(DefaultChannelPipeline.java:754) ~[na:na]
	at org.jboss.netty.channel.Channels.fireMessageReceived(Channels.java:302) ~[na:na]
	at org.jboss.netty.handler.codec.replay.ReplayingDecoder.unfoldAndfireMessageReceived(ReplayingDecoder.java:522) ~[na:na]
	at org.jboss.netty.handler.codec.replay.ReplayingDecoder.callDecode(ReplayingDecoder.java:506) ~[na:na]
	at org.jboss.netty.handler.codec.replay.ReplayingDecoder.messageReceived(ReplayingDecoder.java:443) ~[na:na]
	at org.jboss.netty.channel.SimpleChannelUpstreamHandler.handleUpstream(SimpleChannelUpstreamHandler.java:80) ~[na:na]
	at org.jboss.netty.handler.codec.http.HttpClientCodec.handleUpstream(HttpClientCodec.java:77) ~[na:na]
	at org.jboss.netty.channel.DefaultChannelPipeline.sendUpstream(DefaultChannelPipeline.java:545) ~[na:na]
	at org.jboss.netty.channel.DefaultChannelPipeline.sendUpstream(DefaultChannelPipeline.java:540) ~[na:na]
	at org.jboss.netty.channel.Channels.fireMessageReceived(Channels.java:274) ~[na:na]
	at org.jboss.netty.channel.Channels.fireMessageReceived(Channels.java:261) ~[na:na]
	at org.jboss.netty.channel.socket.nio.NioWorker.read(NioWorker.java:349) ~[na:na]
	at org.jboss.netty.channel.socket.nio.NioWorker.processSelectedKeys(NioWorker.java:280) ~[na:na]
	at org.jboss.netty.channel.socket.nio.NioWorker.run(NioWorker.java:200) ~[na:na]
	at org.jboss.netty.util.ThreadRenamingRunnable.run(ThreadRenamingRunnable.java:108) ~[na:na]
	at org.jboss.netty.util.internal.DeadLockProofWorker$1.run(DeadLockProofWorker.java:44) ~[na:na]
	at java.util.concurrent.ThreadPoolExecutor$Worker.runTask(ThreadPoolExecutor.java:886) ~[na:1.6.0_13]
	at java.util.concurrent.ThreadPoolExecutor$Worker.run(ThreadPoolExecutor.java:908) ~[na:1.6.0_13]
	at java.lang.Thread.run(Thread.java:619) ~[na:1.6.0_13]
2015-01-31 10:45:01,037 [Worker-11] INFO  o.e.m.c.i.i.nexus.NexusIndexManager - Updating index for repository: central|http://repo1.maven.org/maven2
2015-01-31 10:45:01,950 [Worker-11] ERROR o.e.m.c.i.i.nexus.NexusIndexManager - Unable to update index for central|http://repo1.maven.org/maven2: C:\Users\ZGH\.m2\repository\.cache\m2e\1.0.0\d9d714e11cb097b3ffcec91cccc65d3e\nexus-maven-repository-index.zip (系统找不到指定的文件。)
java.io.FileNotFoundException: C:\Users\ZGH\.m2\repository\.cache\m2e\1.0.0\d9d714e11cb097b3ffcec91cccc65d3e\nexus-maven-repository-index.zip (系统找不到指定的文件。)
	at java.io.FileInputStream.open(Native Method) ~[na:1.6.0_13]
	at java.io.FileInputStream.<init>(FileInputStream.java:106) ~[na:1.6.0_13]
	at org.apache.maven.index.updater.DefaultIndexUpdater$FileFetcher.retrieve(DefaultIndexUpdater.java:568) ~[indexer-core-3.1.0.jar:3.1.0]
	at org.apache.maven.index.updater.DefaultIndexUpdater.loadIndexDirectory(DefaultIndexUpdater.java:206) ~[indexer-core-3.1.0.jar:3.1.0]
	at org.apache.maven.index.updater.DefaultIndexUpdater.access$300(DefaultIndexUpdater.java:75) ~[indexer-core-3.1.0.jar:3.1.0]
	at org.apache.maven.index.updater.DefaultIndexUpdater$LuceneIndexAdaptor.setIndexFile(DefaultIndexUpdater.java:645) ~[indexer-core-3.1.0.jar:3.1.0]
	at org.apache.maven.index.updater.DefaultIndexUpdater.fetchAndUpdateIndex(DefaultIndexUpdater.java:844) ~[indexer-core-3.1.0.jar:3.1.0]
	at org.apache.maven.index.updater.DefaultIndexUpdater.fetchAndUpdateIndex(DefaultIndexUpdater.java:156) ~[indexer-core-3.1.0.jar:3.1.0]
	at org.eclipse.m2e.core.internal.index.nexus.NexusIndexManager.updateRemoteIndex(NexusIndexManager.java:1139) [org.eclipse.m2e.core_1.0.0.me201110301321.jar:na]
	at org.eclipse.m2e.core.internal.index.nexus.NexusIndexManager.updateIndex(NexusIndexManager.java:1083) [org.eclipse.m2e.core_1.0.0.me201110301321.jar:na]
	at org.eclipse.m2e.core.internal.index.nexus.NexusIndexManager$1.run(NexusIndexManager.java:660) [org.eclipse.m2e.core_1.0.0.me201110301321.jar:na]
	at org.eclipse.m2e.core.internal.index.nexus.IndexUpdaterJob.run(IndexUpdaterJob.java:71) [org.eclipse.m2e.core_1.0.0.me201110301321.jar:na]
	at org.eclipse.core.internal.jobs.Worker.run(Worker.java:54) [org.eclipse.core.jobs_3.5.100.v20110404.jar:na]
2015-02-03 10:50:11,892 [Worker-4] INFO  o.e.m.c.i.i.nexus.NexusIndexManager - Updating index for repository: central|http://repo1.maven.org/maven2
2015-02-03 10:50:12,681 [Worker-4] ERROR o.e.m.c.i.i.nexus.NexusIndexManager - Unable to update index for central|http://repo1.maven.org/maven2: C:\Users\ZGH\.m2\repository\.cache\m2e\1.0.0\d9d714e11cb097b3ffcec91cccc65d3e\nexus-maven-repository-index.zip (系统找不到指定的文件。)
java.io.FileNotFoundException: C:\Users\ZGH\.m2\repository\.cache\m2e\1.0.0\d9d714e11cb097b3ffcec91cccc65d3e\nexus-maven-repository-index.zip (系统找不到指定的文件。)
	at java.io.FileInputStream.open(Native Method) ~[na:1.6.0_13]
	at java.io.FileInputStream.<init>(FileInputStream.java:106) ~[na:1.6.0_13]
	at org.apache.maven.index.updater.DefaultIndexUpdater$FileFetcher.retrieve(DefaultIndexUpdater.java:568) ~[indexer-core-3.1.0.jar:3.1.0]
	at org.apache.maven.index.updater.DefaultIndexUpdater.loadIndexDirectory(DefaultIndexUpdater.java:206) ~[indexer-core-3.1.0.jar:3.1.0]
	at org.apache.maven.index.updater.DefaultIndexUpdater.access$300(DefaultIndexUpdater.java:75) ~[indexer-core-3.1.0.jar:3.1.0]
	at org.apache.maven.index.updater.DefaultIndexUpdater$LuceneIndexAdaptor.setIndexFile(DefaultIndexUpdater.java:645) ~[indexer-core-3.1.0.jar:3.1.0]
	at org.apache.maven.index.updater.DefaultIndexUpdater.fetchAndUpdateIndex(DefaultIndexUpdater.java:844) ~[indexer-core-3.1.0.jar:3.1.0]
	at org.apache.maven.index.updater.DefaultIndexUpdater.fetchAndUpdateIndex(DefaultIndexUpdater.java:156) ~[indexer-core-3.1.0.jar:3.1.0]
	at org.eclipse.m2e.core.internal.index.nexus.NexusIndexManager.updateRemoteIndex(NexusIndexManager.java:1139) [org.eclipse.m2e.core_1.0.0.me201110301321.jar:na]
	at org.eclipse.m2e.core.internal.index.nexus.NexusIndexManager.updateIndex(NexusIndexManager.java:1083) [org.eclipse.m2e.core_1.0.0.me201110301321.jar:na]
	at org.eclipse.m2e.core.internal.index.nexus.NexusIndexManager$1.run(NexusIndexManager.java:660) [org.eclipse.m2e.core_1.0.0.me201110301321.jar:na]
	at org.eclipse.m2e.core.internal.index.nexus.IndexUpdaterJob.run(IndexUpdaterJob.java:71) [org.eclipse.m2e.core_1.0.0.me201110301321.jar:na]
	at org.eclipse.core.internal.jobs.Worker.run(Worker.java:54) [org.eclipse.core.jobs_3.5.100.v20110404.jar:na]
2015-02-03 10:58:19,614 [Worker-14] INFO  o.e.m.c.i.i.nexus.NexusIndexManager - Updating index for repository: central|http://repo1.maven.org/maven2
2015-02-03 10:58:20,261 [Worker-14] ERROR o.e.m.c.i.i.nexus.NexusIndexManager - Unable to update index for central|http://repo1.maven.org/maven2: C:\Users\ZGH\.m2\repository\.cache\m2e\1.0.0\d9d714e11cb097b3ffcec91cccc65d3e\nexus-maven-repository-index.zip (系统找不到指定的文件。)
java.io.FileNotFoundException: C:\Users\ZGH\.m2\repository\.cache\m2e\1.0.0\d9d714e11cb097b3ffcec91cccc65d3e\nexus-maven-repository-index.zip (系统找不到指定的文件。)
	at java.io.FileInputStream.open(Native Method) ~[na:1.6.0_13]
	at java.io.FileInputStream.<init>(FileInputStream.java:106) ~[na:1.6.0_13]
	at org.apache.maven.index.updater.DefaultIndexUpdater$FileFetcher.retrieve(DefaultIndexUpdater.java:568) ~[indexer-core-3.1.0.jar:3.1.0]
	at org.apache.maven.index.updater.DefaultIndexUpdater.loadIndexDirectory(DefaultIndexUpdater.java:206) ~[indexer-core-3.1.0.jar:3.1.0]
	at org.apache.maven.index.updater.DefaultIndexUpdater.access$300(DefaultIndexUpdater.java:75) ~[indexer-core-3.1.0.jar:3.1.0]
	at org.apache.maven.index.updater.DefaultIndexUpdater$LuceneIndexAdaptor.setIndexFile(DefaultIndexUpdater.java:645) ~[indexer-core-3.1.0.jar:3.1.0]
	at org.apache.maven.index.updater.DefaultIndexUpdater.fetchAndUpdateIndex(DefaultIndexUpdater.java:844) ~[indexer-core-3.1.0.jar:3.1.0]
	at org.apache.maven.index.updater.DefaultIndexUpdater.fetchAndUpdateIndex(DefaultIndexUpdater.java:156) ~[indexer-core-3.1.0.jar:3.1.0]
	at org.eclipse.m2e.core.internal.index.nexus.NexusIndexManager.updateRemoteIndex(NexusIndexManager.java:1139) [org.eclipse.m2e.core_1.0.0.me201110301321.jar:na]
	at org.eclipse.m2e.core.internal.index.nexus.NexusIndexManager.updateIndex(NexusIndexManager.java:1083) [org.eclipse.m2e.core_1.0.0.me201110301321.jar:na]
	at org.eclipse.m2e.core.internal.index.nexus.NexusIndexManager$1.run(NexusIndexManager.java:660) [org.eclipse.m2e.core_1.0.0.me201110301321.jar:na]
	at org.eclipse.m2e.core.internal.index.nexus.IndexUpdaterJob.run(IndexUpdaterJob.java:71) [org.eclipse.m2e.core_1.0.0.me201110301321.jar:na]
	at org.eclipse.core.internal.jobs.Worker.run(Worker.java:54) [org.eclipse.core.jobs_3.5.100.v20110404.jar:na]
2015-05-04 13:55:47,351 [Worker-7] INFO  o.e.m.c.i.i.nexus.NexusIndexManager - Updating index for repository: central|http://repo1.maven.org/maven2
2015-05-04 13:55:49,811 [Worker-7] ERROR o.e.m.c.i.i.nexus.NexusIndexManager - Unable to update index for central|http://repo1.maven.org/maven2
java.io.IOException: Server returned status code 403: Forbidden
	at org.eclipse.m2e.core.internal.index.nexus.AsyncFetcher$PipedErrorInputStream.checkError(AsyncFetcher.java:253) ~[org.eclipse.m2e.core_1.0.0.me201110301321.jar:na]
	at org.eclipse.m2e.core.internal.index.nexus.AsyncFetcher$PipedErrorInputStream.read(AsyncFetcher.java:261) ~[org.eclipse.m2e.core_1.0.0.me201110301321.jar:na]
	at java.io.PipedInputStream.read(PipedInputStream.java:361) ~[na:1.6.0_13]
	at java.io.InputStream.read(InputStream.java:85) ~[na:1.6.0_13]
	at java.util.Properties$LineReader.readLine(Properties.java:418) ~[na:1.6.0_13]
	at java.util.Properties.load0(Properties.java:337) ~[na:1.6.0_13]
	at java.util.Properties.load(Properties.java:325) ~[na:1.6.0_13]
	at org.apache.maven.index.updater.DefaultIndexUpdater.downloadIndexProperties(DefaultIndexUpdater.java:457) ~[indexer-core-3.1.0.jar:3.1.0]
	at org.apache.maven.index.updater.DefaultIndexUpdater.access$100(DefaultIndexUpdater.java:75) ~[indexer-core-3.1.0.jar:3.1.0]
	at org.apache.maven.index.updater.DefaultIndexUpdater$IndexAdaptor.setProperties(DefaultIndexUpdater.java:607) ~[indexer-core-3.1.0.jar:3.1.0]
	at org.apache.maven.index.updater.DefaultIndexUpdater.fetchAndUpdateIndex(DefaultIndexUpdater.java:788) ~[indexer-core-3.1.0.jar:3.1.0]
	at org.apache.maven.index.updater.DefaultIndexUpdater.fetchAndUpdateIndex(DefaultIndexUpdater.java:135) ~[indexer-core-3.1.0.jar:3.1.0]
	at org.eclipse.m2e.core.internal.index.nexus.NexusIndexManager.updateRemoteIndex(NexusIndexManager.java:1126) [org.eclipse.m2e.core_1.0.0.me201110301321.jar:na]
	at org.eclipse.m2e.core.internal.index.nexus.NexusIndexManager.updateIndex(NexusIndexManager.java:1083) [org.eclipse.m2e.core_1.0.0.me201110301321.jar:na]
	at org.eclipse.m2e.core.internal.index.nexus.NexusIndexManager$1.run(NexusIndexManager.java:660) [org.eclipse.m2e.core_1.0.0.me201110301321.jar:na]
	at org.eclipse.m2e.core.internal.index.nexus.IndexUpdaterJob.run(IndexUpdaterJob.java:71) [org.eclipse.m2e.core_1.0.0.me201110301321.jar:na]
	at org.eclipse.core.internal.jobs.Worker.run(Worker.java:54) [org.eclipse.core.jobs_3.5.100.v20110404.jar:na]
java.io.IOException: Server returned status code 403: Forbidden
	at org.eclipse.m2e.core.internal.index.nexus.AsyncFetcher$MonitorListener.onStatus(AsyncFetcher.java:283) ~[na:na]
	at com.ning.http.client.SimpleAsyncHttpClient$BodyConsumerAsyncHandler.fireStatus(SimpleAsyncHttpClient.java:828) ~[na:na]
	at com.ning.http.client.SimpleAsyncHttpClient$BodyConsumerAsyncHandler.onStatusReceived(SimpleAsyncHttpClient.java:779) ~[na:na]
	at com.ning.http.client.providers.netty.NettyAsyncHttpProvider.updateStatusAndInterrupt(NettyAsyncHttpProvider.java:1439) ~[na:na]
	at com.ning.http.client.providers.netty.NettyAsyncHttpProvider.messageReceived(NettyAsyncHttpProvider.java:1170) ~[na:na]
	at org.jboss.netty.channel.SimpleChannelUpstreamHandler.handleUpstream(SimpleChannelUpstreamHandler.java:80) ~[na:na]
	at org.jboss.netty.channel.DefaultChannelPipeline.sendUpstream(DefaultChannelPipeline.java:545) ~[na:na]
	at org.jboss.netty.channel.DefaultChannelPipeline$DefaultChannelHandlerContext.sendUpstream(DefaultChannelPipeline.java:754) ~[na:na]
	at org.jboss.netty.handler.stream.ChunkedWriteHandler.handleUpstream(ChunkedWriteHandler.java:148) ~[na:na]
	at org.jboss.netty.channel.DefaultChannelPipeline.sendUpstream(DefaultChannelPipeline.java:545) ~[na:na]
	at org.jboss.netty.channel.DefaultChannelPipeline$DefaultChannelHandlerContext.sendUpstream(DefaultChannelPipeline.java:754) ~[na:na]
	at org.jboss.netty.handler.codec.http.HttpContentDecoder.messageReceived(HttpContentDecoder.java:104) ~[na:na]
	at org.jboss.netty.channel.SimpleChannelUpstreamHandler.handleUpstream(SimpleChannelUpstreamHandler.java:80) ~[na:na]
	at org.jboss.netty.channel.DefaultChannelPipeline.sendUpstream(DefaultChannelPipeline.java:545) ~[na:na]
	at org.jboss.netty.channel.DefaultChannelPipeline$DefaultChannelHandlerContext.sendUpstream(DefaultChannelPipeline.java:754) ~[na:na]
	at org.jboss.netty.channel.Channels.fireMessageReceived(Channels.java:302) ~[na:na]
	at org.jboss.netty.handler.codec.replay.ReplayingDecoder.unfoldAndfireMessageReceived(ReplayingDecoder.java:522) ~[na:na]
	at org.jboss.netty.handler.codec.replay.ReplayingDecoder.callDecode(ReplayingDecoder.java:506) ~[na:na]
	at org.jboss.netty.handler.codec.replay.ReplayingDecoder.messageReceived(ReplayingDecoder.java:443) ~[na:na]
	at org.jboss.netty.channel.SimpleChannelUpstreamHandler.handleUpstream(SimpleChannelUpstreamHandler.java:80) ~[na:na]
	at org.jboss.netty.handler.codec.http.HttpClientCodec.handleUpstream(HttpClientCodec.java:77) ~[na:na]
	at org.jboss.netty.channel.DefaultChannelPipeline.sendUpstream(DefaultChannelPipeline.java:545) ~[na:na]
	at org.jboss.netty.channel.DefaultChannelPipeline.sendUpstream(DefaultChannelPipeline.java:540) ~[na:na]
	at org.jboss.netty.channel.Channels.fireMessageReceived(Channels.java:274) ~[na:na]
	at org.jboss.netty.channel.Channels.fireMessageReceived(Channels.java:261) ~[na:na]
	at org.jboss.netty.channel.socket.nio.NioWorker.read(NioWorker.java:349) ~[na:na]
	at org.jboss.netty.channel.socket.nio.NioWorker.processSelectedKeys(NioWorker.java:280) ~[na:na]
	at org.jboss.netty.channel.socket.nio.NioWorker.run(NioWorker.java:200) ~[na:na]
	at org.jboss.netty.util.ThreadRenamingRunnable.run(ThreadRenamingRunnable.java:108) ~[na:na]
	at org.jboss.netty.util.internal.DeadLockProofWorker$1.run(DeadLockProofWorker.java:44) ~[na:na]
	at java.util.concurrent.ThreadPoolExecutor$Worker.runTask(ThreadPoolExecutor.java:886) ~[na:1.6.0_13]
	at java.util.concurrent.ThreadPoolExecutor$Worker.run(ThreadPoolExecutor.java:908) ~[na:1.6.0_13]
	at java.lang.Thread.run(Thread.java:619) ~[na:1.6.0_13]
2015-05-06 12:27:06,752 [Worker-13] INFO  o.e.m.c.i.i.nexus.NexusIndexManager - Updating index for repository: central|http://repo1.maven.org/maven2
2015-05-06 12:27:07,680 [Worker-13] ERROR o.e.m.c.i.i.nexus.NexusIndexManager - Unable to update index for central|http://repo1.maven.org/maven2
java.io.IOException: Server returned status code 403: Forbidden
	at org.eclipse.m2e.core.internal.index.nexus.AsyncFetcher$PipedErrorInputStream.checkError(AsyncFetcher.java:253) ~[org.eclipse.m2e.core_1.0.0.me201110301321.jar:na]
	at org.eclipse.m2e.core.internal.index.nexus.AsyncFetcher$PipedErrorInputStream.read(AsyncFetcher.java:261) ~[org.eclipse.m2e.core_1.0.0.me201110301321.jar:na]
	at java.io.PipedInputStream.read(PipedInputStream.java:361) ~[na:1.6.0_13]
	at java.io.InputStream.read(InputStream.java:85) ~[na:1.6.0_13]
	at java.util.Properties$LineReader.readLine(Properties.java:418) ~[na:1.6.0_13]
	at java.util.Properties.load0(Properties.java:337) ~[na:1.6.0_13]
	at java.util.Properties.load(Properties.java:325) ~[na:1.6.0_13]
	at org.apache.maven.index.updater.DefaultIndexUpdater.downloadIndexProperties(DefaultIndexUpdater.java:457) ~[indexer-core-3.1.0.jar:3.1.0]
	at org.apache.maven.index.updater.DefaultIndexUpdater.access$100(DefaultIndexUpdater.java:75) ~[indexer-core-3.1.0.jar:3.1.0]
	at org.apache.maven.index.updater.DefaultIndexUpdater$IndexAdaptor.setProperties(DefaultIndexUpdater.java:607) ~[indexer-core-3.1.0.jar:3.1.0]
	at org.apache.maven.index.updater.DefaultIndexUpdater.fetchAndUpdateIndex(DefaultIndexUpdater.java:788) ~[indexer-core-3.1.0.jar:3.1.0]
	at org.apache.maven.index.updater.DefaultIndexUpdater.fetchAndUpdateIndex(DefaultIndexUpdater.java:135) ~[indexer-core-3.1.0.jar:3.1.0]
	at org.eclipse.m2e.core.internal.index.nexus.NexusIndexManager.updateRemoteIndex(NexusIndexManager.java:1126) [org.eclipse.m2e.core_1.0.0.me201110301321.jar:na]
	at org.eclipse.m2e.core.internal.index.nexus.NexusIndexManager.updateIndex(NexusIndexManager.java:1083) [org.eclipse.m2e.core_1.0.0.me201110301321.jar:na]
	at org.eclipse.m2e.core.internal.index.nexus.NexusIndexManager$1.run(NexusIndexManager.java:660) [org.eclipse.m2e.core_1.0.0.me201110301321.jar:na]
	at org.eclipse.m2e.core.internal.index.nexus.IndexUpdaterJob.run(IndexUpdaterJob.java:71) [org.eclipse.m2e.core_1.0.0.me201110301321.jar:na]
	at org.eclipse.core.internal.jobs.Worker.run(Worker.java:54) [org.eclipse.core.jobs_3.5.100.v20110404.jar:na]
java.io.IOException: Server returned status code 403: Forbidden
	at org.eclipse.m2e.core.internal.index.nexus.AsyncFetcher$MonitorListener.onStatus(AsyncFetcher.java:283) ~[na:na]
	at com.ning.http.client.SimpleAsyncHttpClient$BodyConsumerAsyncHandler.fireStatus(SimpleAsyncHttpClient.java:828) ~[na:na]
	at com.ning.http.client.SimpleAsyncHttpClient$BodyConsumerAsyncHandler.onStatusReceived(SimpleAsyncHttpClient.java:779) ~[na:na]
	at com.ning.http.client.providers.netty.NettyAsyncHttpProvider.updateStatusAndInterrupt(NettyAsyncHttpProvider.java:1439) ~[na:na]
	at com.ning.http.client.providers.netty.NettyAsyncHttpProvider.messageReceived(NettyAsyncHttpProvider.java:1170) ~[na:na]
	at org.jboss.netty.channel.SimpleChannelUpstreamHandler.handleUpstream(SimpleChannelUpstreamHandler.java:80) ~[na:na]
	at org.jboss.netty.channel.DefaultChannelPipeline.sendUpstream(DefaultChannelPipeline.java:545) ~[na:na]
	at org.jboss.netty.channel.DefaultChannelPipeline$DefaultChannelHandlerContext.sendUpstream(DefaultChannelPipeline.java:754) ~[na:na]
	at org.jboss.netty.handler.stream.ChunkedWriteHandler.handleUpstream(ChunkedWriteHandler.java:148) ~[na:na]
	at org.jboss.netty.channel.DefaultChannelPipeline.sendUpstream(DefaultChannelPipeline.java:545) ~[na:na]
	at org.jboss.netty.channel.DefaultChannelPipeline$DefaultChannelHandlerContext.sendUpstream(DefaultChannelPipeline.java:754) ~[na:na]
	at org.jboss.netty.handler.codec.http.HttpContentDecoder.messageReceived(HttpContentDecoder.java:104) ~[na:na]
	at org.jboss.netty.channel.SimpleChannelUpstreamHandler.handleUpstream(SimpleChannelUpstreamHandler.java:80) ~[na:na]
	at org.jboss.netty.channel.DefaultChannelPipeline.sendUpstream(DefaultChannelPipeline.java:545) ~[na:na]
	at org.jboss.netty.channel.DefaultChannelPipeline$DefaultChannelHandlerContext.sendUpstream(DefaultChannelPipeline.java:754) ~[na:na]
	at org.jboss.netty.channel.Channels.fireMessageReceived(Channels.java:302) ~[na:na]
	at org.jboss.netty.handler.codec.replay.ReplayingDecoder.unfoldAndfireMessageReceived(ReplayingDecoder.java:522) ~[na:na]
	at org.jboss.netty.handler.codec.replay.ReplayingDecoder.callDecode(ReplayingDecoder.java:506) ~[na:na]
	at org.jboss.netty.handler.codec.replay.ReplayingDecoder.messageReceived(ReplayingDecoder.java:443) ~[na:na]
	at org.jboss.netty.channel.SimpleChannelUpstreamHandler.handleUpstream(SimpleChannelUpstreamHandler.java:80) ~[na:na]
	at org.jboss.netty.handler.codec.http.HttpClientCodec.handleUpstream(HttpClientCodec.java:77) ~[na:na]
	at org.jboss.netty.channel.DefaultChannelPipeline.sendUpstream(DefaultChannelPipeline.java:545) ~[na:na]
	at org.jboss.netty.channel.DefaultChannelPipeline.sendUpstream(DefaultChannelPipeline.java:540) ~[na:na]
	at org.jboss.netty.channel.Channels.fireMessageReceived(Channels.java:274) ~[na:na]
	at org.jboss.netty.channel.Channels.fireMessageReceived(Channels.java:261) ~[na:na]
	at org.jboss.netty.channel.socket.nio.NioWorker.read(NioWorker.java:349) ~[na:na]
	at org.jboss.netty.channel.socket.nio.NioWorker.processSelectedKeys(NioWorker.java:280) ~[na:na]
	at org.jboss.netty.channel.socket.nio.NioWorker.run(NioWorker.java:200) ~[na:na]
	at org.jboss.netty.util.ThreadRenamingRunnable.run(ThreadRenamingRunnable.java:108) ~[na:na]
	at org.jboss.netty.util.internal.DeadLockProofWorker$1.run(DeadLockProofWorker.java:44) ~[na:na]
	at java.util.concurrent.ThreadPoolExecutor$Worker.runTask(ThreadPoolExecutor.java:886) ~[na:1.6.0_13]
	at java.util.concurrent.ThreadPoolExecutor$Worker.run(ThreadPoolExecutor.java:908) ~[na:1.6.0_13]
	at java.lang.Thread.run(Thread.java:619) ~[na:1.6.0_13]
2015-05-06 12:37:05,870 [Worker-3] INFO  o.e.m.c.i.i.nexus.NexusIndexManager - Updating index for repository: central|http://repo1.maven.org/maven2
2015-05-06 12:37:06,630 [Worker-3] ERROR o.e.m.c.i.i.nexus.NexusIndexManager - Unable to update index for central|http://repo1.maven.org/maven2
java.io.IOException: Server returned status code 403: Forbidden
	at org.eclipse.m2e.core.internal.index.nexus.AsyncFetcher$PipedErrorInputStream.checkError(AsyncFetcher.java:253) ~[org.eclipse.m2e.core_1.0.0.me201110301321.jar:na]
	at org.eclipse.m2e.core.internal.index.nexus.AsyncFetcher$PipedErrorInputStream.read(AsyncFetcher.java:261) ~[org.eclipse.m2e.core_1.0.0.me201110301321.jar:na]
	at java.io.PipedInputStream.read(PipedInputStream.java:361) ~[na:1.6.0_13]
	at java.io.InputStream.read(InputStream.java:85) ~[na:1.6.0_13]
	at java.util.Properties$LineReader.readLine(Properties.java:418) ~[na:1.6.0_13]
	at java.util.Properties.load0(Properties.java:337) ~[na:1.6.0_13]
	at java.util.Properties.load(Properties.java:325) ~[na:1.6.0_13]
	at org.apache.maven.index.updater.DefaultIndexUpdater.downloadIndexProperties(DefaultIndexUpdater.java:457) ~[indexer-core-3.1.0.jar:3.1.0]
	at org.apache.maven.index.updater.DefaultIndexUpdater.access$100(DefaultIndexUpdater.java:75) ~[indexer-core-3.1.0.jar:3.1.0]
	at org.apache.maven.index.updater.DefaultIndexUpdater$IndexAdaptor.setProperties(DefaultIndexUpdater.java:607) ~[indexer-core-3.1.0.jar:3.1.0]
	at org.apache.maven.index.updater.DefaultIndexUpdater.fetchAndUpdateIndex(DefaultIndexUpdater.java:788) ~[indexer-core-3.1.0.jar:3.1.0]
	at org.apache.maven.index.updater.DefaultIndexUpdater.fetchAndUpdateIndex(DefaultIndexUpdater.java:135) ~[indexer-core-3.1.0.jar:3.1.0]
	at org.eclipse.m2e.core.internal.index.nexus.NexusIndexManager.updateRemoteIndex(NexusIndexManager.java:1126) [org.eclipse.m2e.core_1.0.0.me201110301321.jar:na]
	at org.eclipse.m2e.core.internal.index.nexus.NexusIndexManager.updateIndex(NexusIndexManager.java:1083) [org.eclipse.m2e.core_1.0.0.me201110301321.jar:na]
	at org.eclipse.m2e.core.internal.index.nexus.NexusIndexManager$1.run(NexusIndexManager.java:660) [org.eclipse.m2e.core_1.0.0.me201110301321.jar:na]
	at org.eclipse.m2e.core.internal.index.nexus.IndexUpdaterJob.run(IndexUpdaterJob.java:71) [org.eclipse.m2e.core_1.0.0.me201110301321.jar:na]
	at org.eclipse.core.internal.jobs.Worker.run(Worker.java:54) [org.eclipse.core.jobs_3.5.100.v20110404.jar:na]
java.io.IOException: Server returned status code 403: Forbidden
	at org.eclipse.m2e.core.internal.index.nexus.AsyncFetcher$MonitorListener.onStatus(AsyncFetcher.java:283) ~[na:na]
	at com.ning.http.client.SimpleAsyncHttpClient$BodyConsumerAsyncHandler.fireStatus(SimpleAsyncHttpClient.java:828) ~[na:na]
	at com.ning.http.client.SimpleAsyncHttpClient$BodyConsumerAsyncHandler.onStatusReceived(SimpleAsyncHttpClient.java:779) ~[na:na]
	at com.ning.http.client.providers.netty.NettyAsyncHttpProvider.updateStatusAndInterrupt(NettyAsyncHttpProvider.java:1439) ~[na:na]
	at com.ning.http.client.providers.netty.NettyAsyncHttpProvider.messageReceived(NettyAsyncHttpProvider.java:1170) ~[na:na]
	at org.jboss.netty.channel.SimpleChannelUpstreamHandler.handleUpstream(SimpleChannelUpstreamHandler.java:80) ~[na:na]
	at org.jboss.netty.channel.DefaultChannelPipeline.sendUpstream(DefaultChannelPipeline.java:545) ~[na:na]
	at org.jboss.netty.channel.DefaultChannelPipeline$DefaultChannelHandlerContext.sendUpstream(DefaultChannelPipeline.java:754) ~[na:na]
	at org.jboss.netty.handler.stream.ChunkedWriteHandler.handleUpstream(ChunkedWriteHandler.java:148) ~[na:na]
	at org.jboss.netty.channel.DefaultChannelPipeline.sendUpstream(DefaultChannelPipeline.java:545) ~[na:na]
	at org.jboss.netty.channel.DefaultChannelPipeline$DefaultChannelHandlerContext.sendUpstream(DefaultChannelPipeline.java:754) ~[na:na]
	at org.jboss.netty.handler.codec.http.HttpContentDecoder.messageReceived(HttpContentDecoder.java:104) ~[na:na]
	at org.jboss.netty.channel.SimpleChannelUpstreamHandler.handleUpstream(SimpleChannelUpstreamHandler.java:80) ~[na:na]
	at org.jboss.netty.channel.DefaultChannelPipeline.sendUpstream(DefaultChannelPipeline.java:545) ~[na:na]
	at org.jboss.netty.channel.DefaultChannelPipeline$DefaultChannelHandlerContext.sendUpstream(DefaultChannelPipeline.java:754) ~[na:na]
	at org.jboss.netty.channel.Channels.fireMessageReceived(Channels.java:302) ~[na:na]
	at org.jboss.netty.handler.codec.replay.ReplayingDecoder.unfoldAndfireMessageReceived(ReplayingDecoder.java:522) ~[na:na]
	at org.jboss.netty.handler.codec.replay.ReplayingDecoder.callDecode(ReplayingDecoder.java:506) ~[na:na]
	at org.jboss.netty.handler.codec.replay.ReplayingDecoder.messageReceived(ReplayingDecoder.java:443) ~[na:na]
	at org.jboss.netty.channel.SimpleChannelUpstreamHandler.handleUpstream(SimpleChannelUpstreamHandler.java:80) ~[na:na]
	at org.jboss.netty.handler.codec.http.HttpClientCodec.handleUpstream(HttpClientCodec.java:77) ~[na:na]
	at org.jboss.netty.channel.DefaultChannelPipeline.sendUpstream(DefaultChannelPipeline.java:545) ~[na:na]
	at org.jboss.netty.channel.DefaultChannelPipeline.sendUpstream(DefaultChannelPipeline.java:540) ~[na:na]
	at org.jboss.netty.channel.Channels.fireMessageReceived(Channels.java:274) ~[na:na]
	at org.jboss.netty.channel.Channels.fireMessageReceived(Channels.java:261) ~[na:na]
	at org.jboss.netty.channel.socket.nio.NioWorker.read(NioWorker.java:349) ~[na:na]
	at org.jboss.netty.channel.socket.nio.NioWorker.processSelectedKeys(NioWorker.java:280) ~[na:na]
	at org.jboss.netty.channel.socket.nio.NioWorker.run(NioWorker.java:200) ~[na:na]
	at org.jboss.netty.util.ThreadRenamingRunnable.run(ThreadRenamingRunnable.java:108) ~[na:na]
	at org.jboss.netty.util.internal.DeadLockProofWorker$1.run(DeadLockProofWorker.java:44) ~[na:na]
	at java.util.concurrent.ThreadPoolExecutor$Worker.runTask(ThreadPoolExecutor.java:886) ~[na:1.6.0_13]
	at java.util.concurrent.ThreadPoolExecutor$Worker.run(ThreadPoolExecutor.java:908) ~[na:1.6.0_13]
	at java.lang.Thread.run(Thread.java:619) ~[na:1.6.0_13]
2015-05-08 15:37:47,965 [Worker-0] INFO  o.e.m.c.i.i.nexus.NexusIndexManager - Updating index for repository: central|http://repo1.maven.org/maven2
2015-05-08 15:37:48,801 [Worker-0] ERROR o.e.m.c.i.i.nexus.NexusIndexManager - Unable to update index for central|http://repo1.maven.org/maven2
java.io.IOException: Server returned status code 403: Forbidden
	at org.eclipse.m2e.core.internal.index.nexus.AsyncFetcher$PipedErrorInputStream.checkError(AsyncFetcher.java:253) ~[org.eclipse.m2e.core_1.0.0.me201110301321.jar:na]
	at org.eclipse.m2e.core.internal.index.nexus.AsyncFetcher$PipedErrorInputStream.read(AsyncFetcher.java:261) ~[org.eclipse.m2e.core_1.0.0.me201110301321.jar:na]
	at java.io.PipedInputStream.read(PipedInputStream.java:361) ~[na:1.6.0_13]
	at java.io.InputStream.read(InputStream.java:85) ~[na:1.6.0_13]
	at java.util.Properties$LineReader.readLine(Properties.java:418) ~[na:1.6.0_13]
	at java.util.Properties.load0(Properties.java:337) ~[na:1.6.0_13]
	at java.util.Properties.load(Properties.java:325) ~[na:1.6.0_13]
	at org.apache.maven.index.updater.DefaultIndexUpdater.downloadIndexProperties(DefaultIndexUpdater.java:457) ~[indexer-core-3.1.0.jar:3.1.0]
	at org.apache.maven.index.updater.DefaultIndexUpdater.access$100(DefaultIndexUpdater.java:75) ~[indexer-core-3.1.0.jar:3.1.0]
	at org.apache.maven.index.updater.DefaultIndexUpdater$IndexAdaptor.setProperties(DefaultIndexUpdater.java:607) ~[indexer-core-3.1.0.jar:3.1.0]
	at org.apache.maven.index.updater.DefaultIndexUpdater.fetchAndUpdateIndex(DefaultIndexUpdater.java:788) ~[indexer-core-3.1.0.jar:3.1.0]
	at org.apache.maven.index.updater.DefaultIndexUpdater.fetchAndUpdateIndex(DefaultIndexUpdater.java:135) ~[indexer-core-3.1.0.jar:3.1.0]
	at org.eclipse.m2e.core.internal.index.nexus.NexusIndexManager.updateRemoteIndex(NexusIndexManager.java:1126) [org.eclipse.m2e.core_1.0.0.me201110301321.jar:na]
	at org.eclipse.m2e.core.internal.index.nexus.NexusIndexManager.updateIndex(NexusIndexManager.java:1083) [org.eclipse.m2e.core_1.0.0.me201110301321.jar:na]
	at org.eclipse.m2e.core.internal.index.nexus.NexusIndexManager$1.run(NexusIndexManager.java:660) [org.eclipse.m2e.core_1.0.0.me201110301321.jar:na]
	at org.eclipse.m2e.core.internal.index.nexus.IndexUpdaterJob.run(IndexUpdaterJob.java:71) [org.eclipse.m2e.core_1.0.0.me201110301321.jar:na]
	at org.eclipse.core.internal.jobs.Worker.run(Worker.java:54) [org.eclipse.core.jobs_3.5.100.v20110404.jar:na]
java.io.IOException: Server returned status code 403: Forbidden
	at org.eclipse.m2e.core.internal.index.nexus.AsyncFetcher$MonitorListener.onStatus(AsyncFetcher.java:283) ~[na:na]
	at com.ning.http.client.SimpleAsyncHttpClient$BodyConsumerAsyncHandler.fireStatus(SimpleAsyncHttpClient.java:828) ~[na:na]
	at com.ning.http.client.SimpleAsyncHttpClient$BodyConsumerAsyncHandler.onStatusReceived(SimpleAsyncHttpClient.java:779) ~[na:na]
	at com.ning.http.client.providers.netty.NettyAsyncHttpProvider.updateStatusAndInterrupt(NettyAsyncHttpProvider.java:1439) ~[na:na]
	at com.ning.http.client.providers.netty.NettyAsyncHttpProvider.messageReceived(NettyAsyncHttpProvider.java:1170) ~[na:na]
	at org.jboss.netty.channel.SimpleChannelUpstreamHandler.handleUpstream(SimpleChannelUpstreamHandler.java:80) ~[na:na]
	at org.jboss.netty.channel.DefaultChannelPipeline.sendUpstream(DefaultChannelPipeline.java:545) ~[na:na]
	at org.jboss.netty.channel.DefaultChannelPipeline$DefaultChannelHandlerContext.sendUpstream(DefaultChannelPipeline.java:754) ~[na:na]
	at org.jboss.netty.handler.stream.ChunkedWriteHandler.handleUpstream(ChunkedWriteHandler.java:148) ~[na:na]
	at org.jboss.netty.channel.DefaultChannelPipeline.sendUpstream(DefaultChannelPipeline.java:545) ~[na:na]
	at org.jboss.netty.channel.DefaultChannelPipeline$DefaultChannelHandlerContext.sendUpstream(DefaultChannelPipeline.java:754) ~[na:na]
	at org.jboss.netty.handler.codec.http.HttpContentDecoder.messageReceived(HttpContentDecoder.java:104) ~[na:na]
	at org.jboss.netty.channel.SimpleChannelUpstreamHandler.handleUpstream(SimpleChannelUpstreamHandler.java:80) ~[na:na]
	at org.jboss.netty.channel.DefaultChannelPipeline.sendUpstream(DefaultChannelPipeline.java:545) ~[na:na]
	at org.jboss.netty.channel.DefaultChannelPipeline$DefaultChannelHandlerContext.sendUpstream(DefaultChannelPipeline.java:754) ~[na:na]
	at org.jboss.netty.channel.Channels.fireMessageReceived(Channels.java:302) ~[na:na]
	at org.jboss.netty.handler.codec.replay.ReplayingDecoder.unfoldAndfireMessageReceived(ReplayingDecoder.java:522) ~[na:na]
	at org.jboss.netty.handler.codec.replay.ReplayingDecoder.callDecode(ReplayingDecoder.java:506) ~[na:na]
	at org.jboss.netty.handler.codec.replay.ReplayingDecoder.messageReceived(ReplayingDecoder.java:443) ~[na:na]
	at org.jboss.netty.channel.SimpleChannelUpstreamHandler.handleUpstream(SimpleChannelUpstreamHandler.java:80) ~[na:na]
	at org.jboss.netty.handler.codec.http.HttpClientCodec.handleUpstream(HttpClientCodec.java:77) ~[na:na]
	at org.jboss.netty.channel.DefaultChannelPipeline.sendUpstream(DefaultChannelPipeline.java:545) ~[na:na]
	at org.jboss.netty.channel.DefaultChannelPipeline.sendUpstream(DefaultChannelPipeline.java:540) ~[na:na]
	at org.jboss.netty.channel.Channels.fireMessageReceived(Channels.java:274) ~[na:na]
	at org.jboss.netty.channel.Channels.fireMessageReceived(Channels.java:261) ~[na:na]
	at org.jboss.netty.channel.socket.nio.NioWorker.read(NioWorker.java:349) ~[na:na]
	at org.jboss.netty.channel.socket.nio.NioWorker.processSelectedKeys(NioWorker.java:280) ~[na:na]
	at org.jboss.netty.channel.socket.nio.NioWorker.run(NioWorker.java:200) ~[na:na]
	at org.jboss.netty.util.ThreadRenamingRunnable.run(ThreadRenamingRunnable.java:108) ~[na:na]
	at org.jboss.netty.util.internal.DeadLockProofWorker$1.run(DeadLockProofWorker.java:44) ~[na:na]
	at java.util.concurrent.ThreadPoolExecutor$Worker.runTask(ThreadPoolExecutor.java:886) ~[na:1.6.0_13]
	at java.util.concurrent.ThreadPoolExecutor$Worker.run(ThreadPoolExecutor.java:908) ~[na:1.6.0_13]
	at java.lang.Thread.run(Thread.java:619) ~[na:1.6.0_13]
2015-05-10 18:48:26,848 [Worker-10] INFO  o.e.m.c.i.i.nexus.NexusIndexManager - Updating index for repository: central|http://repo1.maven.org/maven2
2015-05-10 18:48:28,665 [Worker-10] ERROR o.e.m.c.i.i.nexus.NexusIndexManager - Unable to update index for central|http://repo1.maven.org/maven2
java.io.IOException: Server returned status code 403: Forbidden
	at org.eclipse.m2e.core.internal.index.nexus.AsyncFetcher$PipedErrorInputStream.checkError(AsyncFetcher.java:253) ~[org.eclipse.m2e.core_1.0.0.me201110301321.jar:na]
	at org.eclipse.m2e.core.internal.index.nexus.AsyncFetcher$PipedErrorInputStream.read(AsyncFetcher.java:261) ~[org.eclipse.m2e.core_1.0.0.me201110301321.jar:na]
	at java.io.PipedInputStream.read(PipedInputStream.java:361) ~[na:1.6.0_13]
	at java.io.InputStream.read(InputStream.java:85) ~[na:1.6.0_13]
	at java.util.Properties$LineReader.readLine(Properties.java:418) ~[na:1.6.0_13]
	at java.util.Properties.load0(Properties.java:337) ~[na:1.6.0_13]
	at java.util.Properties.load(Properties.java:325) ~[na:1.6.0_13]
	at org.apache.maven.index.updater.DefaultIndexUpdater.downloadIndexProperties(DefaultIndexUpdater.java:457) ~[indexer-core-3.1.0.jar:3.1.0]
	at org.apache.maven.index.updater.DefaultIndexUpdater.access$100(DefaultIndexUpdater.java:75) ~[indexer-core-3.1.0.jar:3.1.0]
	at org.apache.maven.index.updater.DefaultIndexUpdater$IndexAdaptor.setProperties(DefaultIndexUpdater.java:607) ~[indexer-core-3.1.0.jar:3.1.0]
	at org.apache.maven.index.updater.DefaultIndexUpdater.fetchAndUpdateIndex(DefaultIndexUpdater.java:788) ~[indexer-core-3.1.0.jar:3.1.0]
	at org.apache.maven.index.updater.DefaultIndexUpdater.fetchAndUpdateIndex(DefaultIndexUpdater.java:135) ~[indexer-core-3.1.0.jar:3.1.0]
	at org.eclipse.m2e.core.internal.index.nexus.NexusIndexManager.updateRemoteIndex(NexusIndexManager.java:1126) [org.eclipse.m2e.core_1.0.0.me201110301321.jar:na]
	at org.eclipse.m2e.core.internal.index.nexus.NexusIndexManager.updateIndex(NexusIndexManager.java:1083) [org.eclipse.m2e.core_1.0.0.me201110301321.jar:na]
	at org.eclipse.m2e.core.internal.index.nexus.NexusIndexManager$1.run(NexusIndexManager.java:660) [org.eclipse.m2e.core_1.0.0.me201110301321.jar:na]
	at org.eclipse.m2e.core.internal.index.nexus.IndexUpdaterJob.run(IndexUpdaterJob.java:71) [org.eclipse.m2e.core_1.0.0.me201110301321.jar:na]
	at org.eclipse.core.internal.jobs.Worker.run(Worker.java:54) [org.eclipse.core.jobs_3.5.100.v20110404.jar:na]
java.io.IOException: Server returned status code 403: Forbidden
	at org.eclipse.m2e.core.internal.index.nexus.AsyncFetcher$MonitorListener.onStatus(AsyncFetcher.java:283) ~[na:na]
	at com.ning.http.client.SimpleAsyncHttpClient$BodyConsumerAsyncHandler.fireStatus(SimpleAsyncHttpClient.java:828) ~[na:na]
	at com.ning.http.client.SimpleAsyncHttpClient$BodyConsumerAsyncHandler.onStatusReceived(SimpleAsyncHttpClient.java:779) ~[na:na]
	at com.ning.http.client.providers.netty.NettyAsyncHttpProvider.updateStatusAndInterrupt(NettyAsyncHttpProvider.java:1439) ~[na:na]
	at com.ning.http.client.providers.netty.NettyAsyncHttpProvider.messageReceived(NettyAsyncHttpProvider.java:1170) ~[na:na]
	at org.jboss.netty.channel.SimpleChannelUpstreamHandler.handleUpstream(SimpleChannelUpstreamHandler.java:80) ~[na:na]
	at org.jboss.netty.channel.DefaultChannelPipeline.sendUpstream(DefaultChannelPipeline.java:545) ~[na:na]
	at org.jboss.netty.channel.DefaultChannelPipeline$DefaultChannelHandlerContext.sendUpstream(DefaultChannelPipeline.java:754) ~[na:na]
	at org.jboss.netty.handler.stream.ChunkedWriteHandler.handleUpstream(ChunkedWriteHandler.java:148) ~[na:na]
	at org.jboss.netty.channel.DefaultChannelPipeline.sendUpstream(DefaultChannelPipeline.java:545) ~[na:na]
	at org.jboss.netty.channel.DefaultChannelPipeline$DefaultChannelHandlerContext.sendUpstream(DefaultChannelPipeline.java:754) ~[na:na]
	at org.jboss.netty.handler.codec.http.HttpContentDecoder.messageReceived(HttpContentDecoder.java:104) ~[na:na]
	at org.jboss.netty.channel.SimpleChannelUpstreamHandler.handleUpstream(SimpleChannelUpstreamHandler.java:80) ~[na:na]
	at org.jboss.netty.channel.DefaultChannelPipeline.sendUpstream(DefaultChannelPipeline.java:545) ~[na:na]
	at org.jboss.netty.channel.DefaultChannelPipeline$DefaultChannelHandlerContext.sendUpstream(DefaultChannelPipeline.java:754) ~[na:na]
	at org.jboss.netty.channel.Channels.fireMessageReceived(Channels.java:302) ~[na:na]
	at org.jboss.netty.handler.codec.replay.ReplayingDecoder.unfoldAndfireMessageReceived(ReplayingDecoder.java:522) ~[na:na]
	at org.jboss.netty.handler.codec.replay.ReplayingDecoder.callDecode(ReplayingDecoder.java:506) ~[na:na]
	at org.jboss.netty.handler.codec.replay.ReplayingDecoder.messageReceived(ReplayingDecoder.java:443) ~[na:na]
	at org.jboss.netty.channel.SimpleChannelUpstreamHandler.handleUpstream(SimpleChannelUpstreamHandler.java:80) ~[na:na]
	at org.jboss.netty.handler.codec.http.HttpClientCodec.handleUpstream(HttpClientCodec.java:77) ~[na:na]
	at org.jboss.netty.channel.DefaultChannelPipeline.sendUpstream(DefaultChannelPipeline.java:545) ~[na:na]
	at org.jboss.netty.channel.DefaultChannelPipeline.sendUpstream(DefaultChannelPipeline.java:540) ~[na:na]
	at org.jboss.netty.channel.Channels.fireMessageReceived(Channels.java:274) ~[na:na]
	at org.jboss.netty.channel.Channels.fireMessageReceived(Channels.java:261) ~[na:na]
	at org.jboss.netty.channel.socket.nio.NioWorker.read(NioWorker.java:349) ~[na:na]
	at org.jboss.netty.channel.socket.nio.NioWorker.processSelectedKeys(NioWorker.java:280) ~[na:na]
	at org.jboss.netty.channel.socket.nio.NioWorker.run(NioWorker.java:200) ~[na:na]
	at org.jboss.netty.util.ThreadRenamingRunnable.run(ThreadRenamingRunnable.java:108) ~[na:na]
	at org.jboss.netty.util.internal.DeadLockProofWorker$1.run(DeadLockProofWorker.java:44) ~[na:na]
	at java.util.concurrent.ThreadPoolExecutor$Worker.runTask(ThreadPoolExecutor.java:886) ~[na:1.6.0_13]
	at java.util.concurrent.ThreadPoolExecutor$Worker.run(ThreadPoolExecutor.java:908) ~[na:1.6.0_13]
	at java.lang.Thread.run(Thread.java:619) ~[na:1.6.0_13]
